<?xml version="1.0" encoding="UTF-8"?>
<testsuite xmlns:xsi="http://www.w3.org/2001/XMLSchema-instance" xsi:noNamespaceSchemaLocation="https://maven.apache.org/surefire/maven-surefire-plugin/xsd/surefire-test-report.xsd" version="3.0.2" name="licorera.licorera.LicoreraApplicationTests" time="13.336" tests="1" errors="0" skipped="0" failures="0">
  <properties>
[...]
</properties>
  <testcase name="contextLoads" classname="licorera.licorera.LicoreraApplicationTests" time="0.512">
    <system-out><![CDATA[11:10:41.846 [main] INFO org.springframework.test.context.support.AnnotationConfigContextLoaderUtils -- Could not detect default configuration classes for test class [licorera.licorera.LicoreraApplicationTests]: LicoreraApplicationTests does not declare any static, non-private, non-final, nested classes annotated with @Configuration.
11:10:41.956 [main] INFO org.springframework.boot.test.context.SpringBootTestContextBootstrapper -- Found @SpringBootConfiguration licorera.licorera.LicoreraApplication for test class licorera.licorera.LicoreraApplicationTests
11:10:42.177 [main] INFO org.springframework.boot.devtools.restart.RestartApplicationListener -- Restart disabled due to context in which it is running

  .   ____          _            __ _ _
 /\\ / ___'_ __ _ _(_)_ __  __ _ \ \ \ \
( ( )\___ | '_ | '_| | '_ \/ _` | \ \ \ \
 \\/  ___)| |_)| | | | | || (_| |  ) ) ) )
  '  |____| .__|_| |_|_| |_\__, | / / / /
 =========|_|==============|___/=/_/_/_/

 :: Spring Boot ::                (v3.4.0)

2025-03-03T11:10:42.428-05:00 DEBUG 6440 --- [app_licorera] [kground-preinit] o.h.v.i.xml.config.ValidationXmlParser   : Trying to load META-INF/validation.xml for XML based Validator configuration.
2025-03-03T11:10:42.431-05:00 DEBUG 6440 --- [app_licorera] [kground-preinit] o.h.v.i.xml.config.ResourceLoaderHelper  : Trying to load META-INF/validation.xml via TCCL
2025-03-03T11:10:42.431-05:00 DEBUG 6440 --- [app_licorera] [kground-preinit] o.h.v.i.xml.config.ResourceLoaderHelper  : Trying to load META-INF/validation.xml via Hibernate Validator's class loader
2025-03-03T11:10:42.432-05:00 DEBUG 6440 --- [app_licorera] [kground-preinit] o.h.v.i.xml.config.ValidationXmlParser   : No META-INF/validation.xml found. Using annotation based configuration only.
2025-03-03T11:10:42.436-05:00 DEBUG 6440 --- [app_licorera] [kground-preinit] o.h.v.i.e.resolver.TraversableResolvers  : Found jakarta.persistence.Persistence on classpath containing 'getPersistenceUtil'. Assuming JPA 2 environment. Trying to instantiate JPA aware TraversableResolver
2025-03-03T11:10:42.437-05:00 DEBUG 6440 --- [app_licorera] [kground-preinit] o.h.v.i.e.resolver.TraversableResolvers  : Instantiated JPA aware TraversableResolver of type org.hibernate.validator.internal.engine.resolver.JPATraversableResolver.
2025-03-03T11:10:42.452-05:00  INFO 6440 --- [app_licorera] [           main] l.licorera.LicoreraApplicationTests      : Starting LicoreraApplicationTests using Java 20.0.1 with PID 6440 (started by Admin in C:\Users\Admin\Documents\NetBeansProjects\licorera)
2025-03-03T11:10:42.453-05:00  INFO 6440 --- [app_licorera] [           main] l.licorera.LicoreraApplicationTests      : No active profile set, falling back to 1 default profile: "default"
2025-03-03T11:10:42.453-05:00 DEBUG 6440 --- [app_licorera] [           main] o.s.boot.SpringApplication               : Loading source class licorera.licorera.LicoreraApplication
2025-03-03T11:10:42.458-05:00 DEBUG 6440 --- [app_licorera] [kground-preinit] .h.v.m.ResourceBundleMessageInterpolator : Loaded expression factory via original TCCL
2025-03-03T11:10:42.478-05:00 DEBUG 6440 --- [app_licorera] [           main] o.s.w.c.s.GenericWebApplicationContext   : Refreshing org.springframework.web.context.support.GenericWebApplicationContext@6bb7cce7
2025-03-03T11:10:42.547-05:00 DEBUG 6440 --- [app_licorera] [kground-preinit] .i.e.ValidatorFactoryConfigurationHelper : HV000252: Using org.hibernate.validator.internal.engine.DefaultPropertyNodeNameProvider as property node name provider.
2025-03-03T11:10:42.552-05:00 DEBUG 6440 --- [app_licorera] [kground-preinit] .i.e.ValidatorFactoryConfigurationHelper : HV000234: Using org.hibernate.validator.messageinterpolation.ResourceBundleMessageInterpolator as ValidatorFactory-scoped message interpolator.
2025-03-03T11:10:42.553-05:00 DEBUG 6440 --- [app_licorera] [kground-preinit] .i.e.ValidatorFactoryConfigurationHelper : HV000234: Using org.hibernate.validator.internal.engine.resolver.JPATraversableResolver as ValidatorFactory-scoped traversable resolver.
2025-03-03T11:10:42.553-05:00 DEBUG 6440 --- [app_licorera] [kground-preinit] .i.e.ValidatorFactoryConfigurationHelper : HV000234: Using org.hibernate.validator.internal.util.ExecutableParameterNameProvider as ValidatorFactory-scoped parameter name provider.
2025-03-03T11:10:42.553-05:00 DEBUG 6440 --- [app_licorera] [kground-preinit] .i.e.ValidatorFactoryConfigurationHelper : HV000234: Using org.hibernate.validator.internal.engine.DefaultClockProvider as ValidatorFactory-scoped clock provider.
2025-03-03T11:10:42.553-05:00 DEBUG 6440 --- [app_licorera] [kground-preinit] .i.e.ValidatorFactoryConfigurationHelper : HV000234: Using org.hibernate.validator.internal.engine.scripting.DefaultScriptEvaluatorFactory as ValidatorFactory-scoped script evaluator factory.
2025-03-03T11:10:42.833-05:00 DEBUG 6440 --- [app_licorera] [           main] ySourcesPropertyResolver$DefaultResolver : Found key 'DB_NAME' in PropertySource 'systemProperties' with value of type String
2025-03-03T11:10:43.221-05:00  INFO 6440 --- [app_licorera] [           main] .s.d.r.c.RepositoryConfigurationDelegate : Multiple Spring Data modules found, entering strict repository configuration mode
2025-03-03T11:10:43.222-05:00  INFO 6440 --- [app_licorera] [           main] .s.d.r.c.RepositoryConfigurationDelegate : Bootstrapping Spring Data JDBC repositories in DEFAULT mode.
2025-03-03T11:10:43.245-05:00 DEBUG 6440 --- [app_licorera] [           main] o.s.b.a.AutoConfigurationPackages        : @EnableAutoConfiguration was declared on a class in the package 'licorera.licorera'. Automatic @Repository and @Entity scanning is enabled.
2025-03-03T11:10:43.263-05:00  INFO 6440 --- [app_licorera] [           main] .RepositoryConfigurationExtensionSupport : Spring Data JDBC - Could not safely identify store assignment for repository candidate interface licorera.licorera.repositorios.CategoriaRepositorio; If you want this repository to be a JDBC repository, consider annotating your entities with one of these annotations: org.springframework.data.relational.core.mapping.Table.
2025-03-03T11:10:43.264-05:00  INFO 6440 --- [app_licorera] [           main] .RepositoryConfigurationExtensionSupport : Spring Data JDBC - Could not safely identify store assignment for repository candidate interface licorera.licorera.repositorios.ProductoRepositorio; If you want this repository to be a JDBC repository, consider annotating your entities with one of these annotations: org.springframework.data.relational.core.mapping.Table.
2025-03-03T11:10:43.266-05:00  INFO 6440 --- [app_licorera] [           main] .s.d.r.c.RepositoryConfigurationDelegate : Finished Spring Data repository scanning in 35 ms. Found 0 JDBC repository interfaces.
2025-03-03T11:10:43.277-05:00  INFO 6440 --- [app_licorera] [           main] .s.d.r.c.RepositoryConfigurationDelegate : Multiple Spring Data modules found, entering strict repository configuration mode
2025-03-03T11:10:43.278-05:00  INFO 6440 --- [app_licorera] [           main] .s.d.r.c.RepositoryConfigurationDelegate : Bootstrapping Spring Data JPA repositories in DEFAULT mode.
2025-03-03T11:10:43.390-05:00  INFO 6440 --- [app_licorera] [           main] .s.d.r.c.RepositoryConfigurationDelegate : Finished Spring Data repository scanning in 107 ms. Found 2 JPA repository interfaces.
2025-03-03T11:10:43.549-05:00  INFO 6440 --- [app_licorera] [           main] faultConfiguringBeanFactoryPostProcessor : No bean named 'errorChannel' has been explicitly defined. Therefore, a default PublishSubscribeChannel will be created.
2025-03-03T11:10:43.565-05:00  INFO 6440 --- [app_licorera] [           main] faultConfiguringBeanFactoryPostProcessor : No bean named 'integrationHeaderChannelRegistry' has been explicitly defined. Therefore, a default DefaultHeaderChannelRegistry will be created.
2025-03-03T11:10:43.935-05:00 DEBUG 6440 --- [app_licorera] [           main] ySourcesPropertyResolver$DefaultResolver : Found key 'DB_PASSWORD' in PropertySource 'systemProperties' with value of type String
2025-03-03T11:10:43.938-05:00 DEBUG 6440 --- [app_licorera] [           main] ySourcesPropertyResolver$DefaultResolver : Found key 'DB_NAME' in PropertySource 'systemProperties' with value of type String
2025-03-03T11:10:43.938-05:00 DEBUG 6440 --- [app_licorera] [           main] ySourcesPropertyResolver$DefaultResolver : Found key 'DB_USERNAME' in PropertySource 'systemProperties' with value of type String
2025-03-03T11:10:43.997-05:00  INFO 6440 --- [app_licorera] [           main] com.zaxxer.hikari.HikariDataSource       : HikariPool-1 - Starting...
2025-03-03T11:10:46.385-05:00  INFO 6440 --- [app_licorera] [           main] com.zaxxer.hikari.pool.HikariPool        : HikariPool-1 - Added connection com.mysql.cj.jdbc.ConnectionImpl@612af486
2025-03-03T11:10:46.386-05:00  INFO 6440 --- [app_licorera] [           main] com.zaxxer.hikari.HikariDataSource       : HikariPool-1 - Start completed.
2025-03-03T11:10:46.517-05:00 DEBUG 6440 --- [app_licorera] [           main] o.hibernate.jpa.internal.util.LogHelper  : PersistenceUnitInfo [
	name: default
	persistence provider classname: null
	classloader: jdk.internal.loader.ClassLoaders$AppClassLoader@70dea4e
	excludeUnlistedClasses: true
	JTA datasource: null
	Non JTA datasource: HikariDataSource (HikariPool-1)
	Transaction type: RESOURCE_LOCAL
	PU root URL: file:/C:/Users/Admin/Documents/NetBeansProjects/licorera/target/test-classes/
	Shared Cache Mode: UNSPECIFIED
	Validation Mode: AUTO
	Jar files URLs []
	Managed classes names [
		licorera.licorera.entidades.Carrito
		licorera.licorera.entidades.Categoria
		licorera.licorera.entidades.Ordenes
		licorera.licorera.entidades.Producto
		licorera.licorera.entidades.Usuario]
	Mapping files names []
	Properties []
2025-03-03T11:10:46.536-05:00 DEBUG 6440 --- [app_licorera] [           main] o.h.i.internal.IntegratorServiceImpl     : Adding Integrator [org.hibernate.boot.beanvalidation.BeanValidationIntegrator].
2025-03-03T11:10:46.538-05:00 DEBUG 6440 --- [app_licorera] [           main] o.h.i.internal.IntegratorServiceImpl     : Adding Integrator [org.hibernate.cache.internal.CollectionCacheInvalidator].
2025-03-03T11:10:46.613-05:00  INFO 6440 --- [app_licorera] [           main] org.hibernate.Version                    : HHH000412: Hibernate ORM core version 6.6.2.Final
2025-03-03T11:10:46.616-05:00 DEBUG 6440 --- [app_licorera] [           main] org.hibernate.cfg.Environment            : HHH000206: 'hibernate.properties' not found
2025-03-03T11:10:46.650-05:00 DEBUG 6440 --- [app_licorera] [           main] org.hibernate.orm.idgen.factory          : Registering IdentifierGenerator strategy [uuid2] -> [org.hibernate.id.UUIDGenerator]
2025-03-03T11:10:46.651-05:00 DEBUG 6440 --- [app_licorera] [           main] org.hibernate.orm.idgen.factory          : Registering IdentifierGenerator strategy [guid] -> [org.hibernate.id.GUIDGenerator]
2025-03-03T11:10:46.653-05:00 DEBUG 6440 --- [app_licorera] [           main] org.hibernate.orm.idgen.factory          : Registering IdentifierGenerator strategy [uuid] -> [org.hibernate.id.UUIDHexGenerator]
2025-03-03T11:10:46.654-05:00 DEBUG 6440 --- [app_licorera] [           main] org.hibernate.orm.idgen.factory          : Registering IdentifierGenerator strategy [uuid.hex] -> [org.hibernate.id.UUIDHexGenerator]
2025-03-03T11:10:46.655-05:00 DEBUG 6440 --- [app_licorera] [           main] org.hibernate.orm.idgen.factory          : Registering IdentifierGenerator strategy [assigned] -> [org.hibernate.id.Assigned]
2025-03-03T11:10:46.656-05:00 DEBUG 6440 --- [app_licorera] [           main] org.hibernate.orm.idgen.factory          : Registering IdentifierGenerator strategy [identity] -> [org.hibernate.id.IdentityGenerator]
2025-03-03T11:10:46.657-05:00 DEBUG 6440 --- [app_licorera] [           main] org.hibernate.orm.idgen.factory          : Registering IdentifierGenerator strategy [select] -> [org.hibernate.id.SelectGenerator]
2025-03-03T11:10:46.658-05:00 DEBUG 6440 --- [app_licorera] [           main] org.hibernate.orm.idgen.factory          : Registering IdentifierGenerator strategy [sequence] -> [org.hibernate.id.enhanced.SequenceStyleGenerator]
2025-03-03T11:10:46.659-05:00 DEBUG 6440 --- [app_licorera] [           main] org.hibernate.orm.idgen.factory          : Registering IdentifierGenerator strategy [increment] -> [org.hibernate.id.IncrementGenerator]
2025-03-03T11:10:46.660-05:00 DEBUG 6440 --- [app_licorera] [           main] org.hibernate.orm.idgen.factory          : Registering IdentifierGenerator strategy [foreign] -> [org.hibernate.id.ForeignGenerator]
2025-03-03T11:10:46.660-05:00 DEBUG 6440 --- [app_licorera] [           main] org.hibernate.orm.idgen.factory          : Registering IdentifierGenerator strategy [enhanced-sequence] -> [org.hibernate.id.enhanced.SequenceStyleGenerator]
2025-03-03T11:10:46.661-05:00 DEBUG 6440 --- [app_licorera] [           main] org.hibernate.orm.idgen.factory          : Registering IdentifierGenerator strategy [enhanced-table] -> [org.hibernate.id.enhanced.TableGenerator]
2025-03-03T11:10:46.671-05:00 DEBUG 6440 --- [app_licorera] [           main] o.h.c.internal.RegionFactoryInitiator    : Cannot default RegionFactory based on registered strategies as `[]` RegionFactory strategies were registered
2025-03-03T11:10:46.672-05:00  INFO 6440 --- [app_licorera] [           main] o.h.c.internal.RegionFactoryInitiator    : HHH000026: Second-level cache disabled
2025-03-03T11:10:46.763-05:00 DEBUG 6440 --- [app_licorera] [           main] org.hibernate.type.BasicTypeRegistry     : Adding type registration boolean -> org.hibernate.type.BasicTypeReference@4ec0229c
2025-03-03T11:10:46.763-05:00 DEBUG 6440 --- [app_licorera] [           main] org.hibernate.type.BasicTypeRegistry     : Adding type registration boolean -> org.hibernate.type.BasicTypeReference@4ec0229c
2025-03-03T11:10:46.763-05:00 DEBUG 6440 --- [app_licorera] [           main] org.hibernate.type.BasicTypeRegistry     : Adding type registration java.lang.Boolean -> org.hibernate.type.BasicTypeReference@4ec0229c
2025-03-03T11:10:46.763-05:00 DEBUG 6440 --- [app_licorera] [           main] org.hibernate.type.BasicTypeRegistry     : Adding type registration numeric_boolean -> org.hibernate.type.BasicTypeReference@173a5fad
2025-03-03T11:10:46.764-05:00 DEBUG 6440 --- [app_licorera] [           main] org.hibernate.type.BasicTypeRegistry     : Adding type registration org.hibernate.type.NumericBooleanConverter -> org.hibernate.type.BasicTypeReference@173a5fad
2025-03-03T11:10:46.764-05:00 DEBUG 6440 --- [app_licorera] [           main] org.hibernate.type.BasicTypeRegistry     : Adding type registration true_false -> org.hibernate.type.BasicTypeReference@2ce47652
2025-03-03T11:10:46.764-05:00 DEBUG 6440 --- [app_licorera] [           main] org.hibernate.type.BasicTypeRegistry     : Adding type registration org.hibernate.type.TrueFalseConverter -> org.hibernate.type.BasicTypeReference@2ce47652
2025-03-03T11:10:46.764-05:00 DEBUG 6440 --- [app_licorera] [           main] org.hibernate.type.BasicTypeRegistry     : Adding type registration yes_no -> org.hibernate.type.BasicTypeReference@65d90b7f
2025-03-03T11:10:46.764-05:00 DEBUG 6440 --- [app_licorera] [           main] org.hibernate.type.BasicTypeRegistry     : Adding type registration org.hibernate.type.YesNoConverter -> org.hibernate.type.BasicTypeReference@65d90b7f
2025-03-03T11:10:46.764-05:00 DEBUG 6440 --- [app_licorera] [           main] org.hibernate.type.BasicTypeRegistry     : Adding type registration byte -> org.hibernate.type.BasicTypeReference@2a42019a
2025-03-03T11:10:46.765-05:00 DEBUG 6440 --- [app_licorera] [           main] org.hibernate.type.BasicTypeRegistry     : Adding type registration byte -> org.hibernate.type.BasicTypeReference@2a42019a
2025-03-03T11:10:46.765-05:00 DEBUG 6440 --- [app_licorera] [           main] org.hibernate.type.BasicTypeRegistry     : Adding type registration java.lang.Byte -> org.hibernate.type.BasicTypeReference@2a42019a
2025-03-03T11:10:46.765-05:00 DEBUG 6440 --- [app_licorera] [           main] org.hibernate.type.BasicTypeRegistry     : Adding type registration binary -> org.hibernate.type.BasicTypeReference@6fc0e448
2025-03-03T11:10:46.765-05:00 DEBUG 6440 --- [app_licorera] [           main] org.hibernate.type.BasicTypeRegistry     : Adding type registration byte[] -> org.hibernate.type.BasicTypeReference@6fc0e448
2025-03-03T11:10:46.765-05:00 DEBUG 6440 --- [app_licorera] [           main] org.hibernate.type.BasicTypeRegistry     : Adding type registration [B -> org.hibernate.type.BasicTypeReference@6fc0e448
2025-03-03T11:10:46.765-05:00 DEBUG 6440 --- [app_licorera] [           main] org.hibernate.type.BasicTypeRegistry     : Adding type registration binary_wrapper -> org.hibernate.type.BasicTypeReference@60194904
2025-03-03T11:10:46.765-05:00 DEBUG 6440 --- [app_licorera] [           main] org.hibernate.type.BasicTypeRegistry     : Adding type registration wrapper-binary -> org.hibernate.type.BasicTypeReference@60194904
2025-03-03T11:10:46.766-05:00 DEBUG 6440 --- [app_licorera] [           main] org.hibernate.type.BasicTypeRegistry     : Adding type registration image -> org.hibernate.type.BasicTypeReference@4db6348b
2025-03-03T11:10:46.766-05:00 DEBUG 6440 --- [app_licorera] [           main] org.hibernate.type.BasicTypeRegistry     : Adding type registration blob -> org.hibernate.type.BasicTypeReference@7742a276
2025-03-03T11:10:46.766-05:00 DEBUG 6440 --- [app_licorera] [           main] org.hibernate.type.BasicTypeRegistry     : Adding type registration java.sql.Blob -> org.hibernate.type.BasicTypeReference@7742a276
2025-03-03T11:10:46.766-05:00 DEBUG 6440 --- [app_licorera] [           main] org.hibernate.type.BasicTypeRegistry     : Adding type registration materialized_blob -> org.hibernate.type.BasicTypeReference@1f48fa72
2025-03-03T11:10:46.766-05:00 DEBUG 6440 --- [app_licorera] [           main] org.hibernate.type.BasicTypeRegistry     : Adding type registration materialized_blob_wrapper -> org.hibernate.type.BasicTypeReference@35b3c1f6
2025-03-03T11:10:46.766-05:00 DEBUG 6440 --- [app_licorera] [           main] org.hibernate.type.BasicTypeRegistry     : Adding type registration short -> org.hibernate.type.BasicTypeReference@495da9a7
2025-03-03T11:10:46.767-05:00 DEBUG 6440 --- [app_licorera] [           main] org.hibernate.type.BasicTypeRegistry     : Adding type registration short -> org.hibernate.type.BasicTypeReference@495da9a7
2025-03-03T11:10:46.767-05:00 DEBUG 6440 --- [app_licorera] [           main] org.hibernate.type.BasicTypeRegistry     : Adding type registration java.lang.Short -> org.hibernate.type.BasicTypeReference@495da9a7
2025-03-03T11:10:46.767-05:00 DEBUG 6440 --- [app_licorera] [           main] org.hibernate.type.BasicTypeRegistry     : Adding type registration integer -> org.hibernate.type.BasicTypeReference@2beee3e8
2025-03-03T11:10:46.767-05:00 DEBUG 6440 --- [app_licorera] [           main] org.hibernate.type.BasicTypeRegistry     : Adding type registration int -> org.hibernate.type.BasicTypeReference@2beee3e8
2025-03-03T11:10:46.767-05:00 DEBUG 6440 --- [app_licorera] [           main] org.hibernate.type.BasicTypeRegistry     : Adding type registration java.lang.Integer -> org.hibernate.type.BasicTypeReference@2beee3e8
2025-03-03T11:10:46.767-05:00 DEBUG 6440 --- [app_licorera] [           main] org.hibernate.type.BasicTypeRegistry     : Adding type registration long -> org.hibernate.type.BasicTypeReference@732d078d
2025-03-03T11:10:46.767-05:00 DEBUG 6440 --- [app_licorera] [           main] org.hibernate.type.BasicTypeRegistry     : Adding type registration long -> org.hibernate.type.BasicTypeReference@732d078d
2025-03-03T11:10:46.767-05:00 DEBUG 6440 --- [app_licorera] [           main] org.hibernate.type.BasicTypeRegistry     : Adding type registration java.lang.Long -> org.hibernate.type.BasicTypeReference@732d078d
2025-03-03T11:10:46.768-05:00 DEBUG 6440 --- [app_licorera] [           main] org.hibernate.type.BasicTypeRegistry     : Adding type registration float -> org.hibernate.type.BasicTypeReference@58bad46f
2025-03-03T11:10:46.768-05:00 DEBUG 6440 --- [app_licorera] [           main] org.hibernate.type.BasicTypeRegistry     : Adding type registration float -> org.hibernate.type.BasicTypeReference@58bad46f
2025-03-03T11:10:46.768-05:00 DEBUG 6440 --- [app_licorera] [           main] org.hibernate.type.BasicTypeRegistry     : Adding type registration java.lang.Float -> org.hibernate.type.BasicTypeReference@58bad46f
2025-03-03T11:10:46.768-05:00 DEBUG 6440 --- [app_licorera] [           main] org.hibernate.type.BasicTypeRegistry     : Adding type registration double -> org.hibernate.type.BasicTypeReference@7c0e4e4e
2025-03-03T11:10:46.768-05:00 DEBUG 6440 --- [app_licorera] [           main] org.hibernate.type.BasicTypeRegistry     : Adding type registration double -> org.hibernate.type.BasicTypeReference@7c0e4e4e
2025-03-03T11:10:46.769-05:00 DEBUG 6440 --- [app_licorera] [           main] org.hibernate.type.BasicTypeRegistry     : Adding type registration java.lang.Double -> org.hibernate.type.BasicTypeReference@7c0e4e4e
2025-03-03T11:10:46.769-05:00 DEBUG 6440 --- [app_licorera] [           main] org.hibernate.type.BasicTypeRegistry     : Adding type registration big_integer -> org.hibernate.type.BasicTypeReference@20231384
2025-03-03T11:10:46.769-05:00 DEBUG 6440 --- [app_licorera] [           main] org.hibernate.type.BasicTypeRegistry     : Adding type registration java.math.BigInteger -> org.hibernate.type.BasicTypeReference@20231384
2025-03-03T11:10:46.769-05:00 DEBUG 6440 --- [app_licorera] [           main] org.hibernate.type.BasicTypeRegistry     : Adding type registration big_decimal -> org.hibernate.type.BasicTypeReference@3ba97962
2025-03-03T11:10:46.769-05:00 DEBUG 6440 --- [app_licorera] [           main] org.hibernate.type.BasicTypeRegistry     : Adding type registration java.math.BigDecimal -> org.hibernate.type.BasicTypeReference@3ba97962
2025-03-03T11:10:46.769-05:00 DEBUG 6440 --- [app_licorera] [           main] org.hibernate.type.BasicTypeRegistry     : Adding type registration character -> org.hibernate.type.BasicTypeReference@35becbd4
2025-03-03T11:10:46.769-05:00 DEBUG 6440 --- [app_licorera] [           main] org.hibernate.type.BasicTypeRegistry     : Adding type registration char -> org.hibernate.type.BasicTypeReference@35becbd4
2025-03-03T11:10:46.769-05:00 DEBUG 6440 --- [app_licorera] [           main] org.hibernate.type.BasicTypeRegistry     : Adding type registration java.lang.Character -> org.hibernate.type.BasicTypeReference@35becbd4
2025-03-03T11:10:46.769-05:00 DEBUG 6440 --- [app_licorera] [           main] org.hibernate.type.BasicTypeRegistry     : Adding type registration character_nchar -> org.hibernate.type.BasicTypeReference@3bcc8f13
2025-03-03T11:10:46.769-05:00 DEBUG 6440 --- [app_licorera] [           main] org.hibernate.type.BasicTypeRegistry     : Adding type registration string -> org.hibernate.type.BasicTypeReference@3cb04dd
2025-03-03T11:10:46.769-05:00 DEBUG 6440 --- [app_licorera] [           main] org.hibernate.type.BasicTypeRegistry     : Adding type registration java.lang.String -> org.hibernate.type.BasicTypeReference@3cb04dd
2025-03-03T11:10:46.769-05:00 DEBUG 6440 --- [app_licorera] [           main] org.hibernate.type.BasicTypeRegistry     : Adding type registration nstring -> org.hibernate.type.BasicTypeReference@73d91faf
2025-03-03T11:10:46.770-05:00 DEBUG 6440 --- [app_licorera] [           main] org.hibernate.type.BasicTypeRegistry     : Adding type registration characters -> org.hibernate.type.BasicTypeReference@30fa8a6b
2025-03-03T11:10:46.770-05:00 DEBUG 6440 --- [app_licorera] [           main] org.hibernate.type.BasicTypeRegistry     : Adding type registration char[] -> org.hibernate.type.BasicTypeReference@30fa8a6b
2025-03-03T11:10:46.770-05:00 DEBUG 6440 --- [app_licorera] [           main] org.hibernate.type.BasicTypeRegistry     : Adding type registration [C -> org.hibernate.type.BasicTypeReference@30fa8a6b
2025-03-03T11:10:46.770-05:00 DEBUG 6440 --- [app_licorera] [           main] org.hibernate.type.BasicTypeRegistry     : Adding type registration wrapper-characters -> org.hibernate.type.BasicTypeReference@6f112f70
2025-03-03T11:10:46.770-05:00 DEBUG 6440 --- [app_licorera] [           main] org.hibernate.type.BasicTypeRegistry     : Adding type registration text -> org.hibernate.type.BasicTypeReference@342723a3
2025-03-03T11:10:46.770-05:00 DEBUG 6440 --- [app_licorera] [           main] org.hibernate.type.BasicTypeRegistry     : Adding type registration ntext -> org.hibernate.type.BasicTypeReference@f3876ef
2025-03-03T11:10:46.770-05:00 DEBUG 6440 --- [app_licorera] [           main] org.hibernate.type.BasicTypeRegistry     : Adding type registration clob -> org.hibernate.type.BasicTypeReference@6b751cb1
2025-03-03T11:10:46.770-05:00 DEBUG 6440 --- [app_licorera] [           main] org.hibernate.type.BasicTypeRegistry     : Adding type registration java.sql.Clob -> org.hibernate.type.BasicTypeReference@6b751cb1
2025-03-03T11:10:46.770-05:00 DEBUG 6440 --- [app_licorera] [           main] org.hibernate.type.BasicTypeRegistry     : Adding type registration nclob -> org.hibernate.type.BasicTypeReference@df9d400
2025-03-03T11:10:46.770-05:00 DEBUG 6440 --- [app_licorera] [           main] org.hibernate.type.BasicTypeRegistry     : Adding type registration java.sql.NClob -> org.hibernate.type.BasicTypeReference@df9d400
2025-03-03T11:10:46.770-05:00 DEBUG 6440 --- [app_licorera] [           main] org.hibernate.type.BasicTypeRegistry     : Adding type registration materialized_clob -> org.hibernate.type.BasicTypeReference@4ec427
2025-03-03T11:10:46.770-05:00 DEBUG 6440 --- [app_licorera] [           main] org.hibernate.type.BasicTypeRegistry     : Adding type registration materialized_clob_char_array -> org.hibernate.type.BasicTypeReference@4c8d45cf
2025-03-03T11:10:46.770-05:00 DEBUG 6440 --- [app_licorera] [           main] org.hibernate.type.BasicTypeRegistry     : Adding type registration materialized_clob_character_array -> org.hibernate.type.BasicTypeReference@fde487b
2025-03-03T11:10:46.771-05:00 DEBUG 6440 --- [app_licorera] [           main] org.hibernate.type.BasicTypeRegistry     : Adding type registration materialized_nclob -> org.hibernate.type.BasicTypeReference@4cc4d454
2025-03-03T11:10:46.771-05:00 DEBUG 6440 --- [app_licorera] [           main] org.hibernate.type.BasicTypeRegistry     : Adding type registration materialized_nclob_character_array -> org.hibernate.type.BasicTypeReference@3add5e17
2025-03-03T11:10:46.771-05:00 DEBUG 6440 --- [app_licorera] [           main] org.hibernate.type.BasicTypeRegistry     : Adding type registration materialized_nclob_char_array -> org.hibernate.type.BasicTypeReference@1c58d7be
2025-03-03T11:10:46.771-05:00 DEBUG 6440 --- [app_licorera] [           main] org.hibernate.type.BasicTypeRegistry     : Adding type registration Duration -> org.hibernate.type.BasicTypeReference@61b8c9de
2025-03-03T11:10:46.771-05:00 DEBUG 6440 --- [app_licorera] [           main] org.hibernate.type.BasicTypeRegistry     : Adding type registration java.time.Duration -> org.hibernate.type.BasicTypeReference@61b8c9de
2025-03-03T11:10:46.771-05:00 DEBUG 6440 --- [app_licorera] [           main] org.hibernate.type.BasicTypeRegistry     : Adding type registration LocalDateTime -> org.hibernate.type.BasicTypeReference@b34c7c9
2025-03-03T11:10:46.771-05:00 DEBUG 6440 --- [app_licorera] [           main] org.hibernate.type.BasicTypeRegistry     : Adding type registration java.time.LocalDateTime -> org.hibernate.type.BasicTypeReference@b34c7c9
2025-03-03T11:10:46.771-05:00 DEBUG 6440 --- [app_licorera] [           main] org.hibernate.type.BasicTypeRegistry     : Adding type registration LocalDate -> org.hibernate.type.BasicTypeReference@5b490d5e
2025-03-03T11:10:46.771-05:00 DEBUG 6440 --- [app_licorera] [           main] org.hibernate.type.BasicTypeRegistry     : Adding type registration java.time.LocalDate -> org.hibernate.type.BasicTypeReference@5b490d5e
2025-03-03T11:10:46.771-05:00 DEBUG 6440 --- [app_licorera] [           main] org.hibernate.type.BasicTypeRegistry     : Adding type registration LocalTime -> org.hibernate.type.BasicTypeReference@1f6c4ae
2025-03-03T11:10:46.771-05:00 DEBUG 6440 --- [app_licorera] [           main] org.hibernate.type.BasicTypeRegistry     : Adding type registration java.time.LocalTime -> org.hibernate.type.BasicTypeReference@1f6c4ae
2025-03-03T11:10:46.771-05:00 DEBUG 6440 --- [app_licorera] [           main] org.hibernate.type.BasicTypeRegistry     : Adding type registration OffsetDateTime -> org.hibernate.type.BasicTypeReference@26270b77
2025-03-03T11:10:46.771-05:00 DEBUG 6440 --- [app_licorera] [           main] org.hibernate.type.BasicTypeRegistry     : Adding type registration java.time.OffsetDateTime -> org.hibernate.type.BasicTypeReference@26270b77
2025-03-03T11:10:46.772-05:00 DEBUG 6440 --- [app_licorera] [           main] org.hibernate.type.BasicTypeRegistry     : Adding type registration OffsetDateTimeWithTimezone -> org.hibernate.type.BasicTypeReference@b808af5
2025-03-03T11:10:46.772-05:00 DEBUG 6440 --- [app_licorera] [           main] org.hibernate.type.BasicTypeRegistry     : Adding type registration OffsetDateTimeWithoutTimezone -> org.hibernate.type.BasicTypeReference@18b04526
2025-03-03T11:10:46.772-05:00 DEBUG 6440 --- [app_licorera] [           main] org.hibernate.type.BasicTypeRegistry     : Adding type registration OffsetTime -> org.hibernate.type.BasicTypeReference@2fd4312a
2025-03-03T11:10:46.772-05:00 DEBUG 6440 --- [app_licorera] [           main] org.hibernate.type.BasicTypeRegistry     : Adding type registration java.time.OffsetTime -> org.hibernate.type.BasicTypeReference@2fd4312a
2025-03-03T11:10:46.772-05:00 DEBUG 6440 --- [app_licorera] [           main] org.hibernate.type.BasicTypeRegistry     : Adding type registration OffsetTimeUtc -> org.hibernate.type.BasicTypeReference@31b6fb14
2025-03-03T11:10:46.772-05:00 DEBUG 6440 --- [app_licorera] [           main] org.hibernate.type.BasicTypeRegistry     : Adding type registration OffsetTimeWithTimezone -> org.hibernate.type.BasicTypeReference@3eee08f5
2025-03-03T11:10:46.772-05:00 DEBUG 6440 --- [app_licorera] [           main] org.hibernate.type.BasicTypeRegistry     : Adding type registration OffsetTimeWithoutTimezone -> org.hibernate.type.BasicTypeReference@246df37b
2025-03-03T11:10:46.772-05:00 DEBUG 6440 --- [app_licorera] [           main] org.hibernate.type.BasicTypeRegistry     : Adding type registration ZonedDateTime -> org.hibernate.type.BasicTypeReference@2abedbbd
2025-03-03T11:10:46.772-05:00 DEBUG 6440 --- [app_licorera] [           main] org.hibernate.type.BasicTypeRegistry     : Adding type registration java.time.ZonedDateTime -> org.hibernate.type.BasicTypeReference@2abedbbd
2025-03-03T11:10:46.772-05:00 DEBUG 6440 --- [app_licorera] [           main] org.hibernate.type.BasicTypeRegistry     : Adding type registration ZonedDateTimeWithTimezone -> org.hibernate.type.BasicTypeReference@2c56eba5
2025-03-03T11:10:46.772-05:00 DEBUG 6440 --- [app_licorera] [           main] org.hibernate.type.BasicTypeRegistry     : Adding type registration ZonedDateTimeWithoutTimezone -> org.hibernate.type.BasicTypeReference@6231f77a
2025-03-03T11:10:46.772-05:00 DEBUG 6440 --- [app_licorera] [           main] org.hibernate.type.BasicTypeRegistry     : Adding type registration date -> org.hibernate.type.BasicTypeReference@290c266c
2025-03-03T11:10:46.772-05:00 DEBUG 6440 --- [app_licorera] [           main] org.hibernate.type.BasicTypeRegistry     : Adding type registration java.sql.Date -> org.hibernate.type.BasicTypeReference@290c266c
2025-03-03T11:10:46.772-05:00 DEBUG 6440 --- [app_licorera] [           main] org.hibernate.type.BasicTypeRegistry     : Adding type registration time -> org.hibernate.type.BasicTypeReference@75b363c3
2025-03-03T11:10:46.772-05:00 DEBUG 6440 --- [app_licorera] [           main] org.hibernate.type.BasicTypeRegistry     : Adding type registration java.sql.Time -> org.hibernate.type.BasicTypeReference@75b363c3
2025-03-03T11:10:46.773-05:00 DEBUG 6440 --- [app_licorera] [           main] org.hibernate.type.BasicTypeRegistry     : Adding type registration timestamp -> org.hibernate.type.BasicTypeReference@6ea3a513
2025-03-03T11:10:46.773-05:00 DEBUG 6440 --- [app_licorera] [           main] org.hibernate.type.BasicTypeRegistry     : Adding type registration java.sql.Timestamp -> org.hibernate.type.BasicTypeReference@6ea3a513
2025-03-03T11:10:46.773-05:00 DEBUG 6440 --- [app_licorera] [           main] org.hibernate.type.BasicTypeRegistry     : Adding type registration java.util.Date -> org.hibernate.type.BasicTypeReference@6ea3a513
2025-03-03T11:10:46.773-05:00 DEBUG 6440 --- [app_licorera] [           main] org.hibernate.type.BasicTypeRegistry     : Adding type registration calendar -> org.hibernate.type.BasicTypeReference@3c4059a
2025-03-03T11:10:46.773-05:00 DEBUG 6440 --- [app_licorera] [           main] org.hibernate.type.BasicTypeRegistry     : Adding type registration java.util.Calendar -> org.hibernate.type.BasicTypeReference@3c4059a
2025-03-03T11:10:46.773-05:00 DEBUG 6440 --- [app_licorera] [           main] org.hibernate.type.BasicTypeRegistry     : Adding type registration java.util.GregorianCalendar -> org.hibernate.type.BasicTypeReference@3c4059a
2025-03-03T11:10:46.773-05:00 DEBUG 6440 --- [app_licorera] [           main] org.hibernate.type.BasicTypeRegistry     : Adding type registration calendar_date -> org.hibernate.type.BasicTypeReference@4b336cc8
2025-03-03T11:10:46.773-05:00 DEBUG 6440 --- [app_licorera] [           main] org.hibernate.type.BasicTypeRegistry     : Adding type registration calendar_time -> org.hibernate.type.BasicTypeReference@56881196
2025-03-03T11:10:46.773-05:00 DEBUG 6440 --- [app_licorera] [           main] org.hibernate.type.BasicTypeRegistry     : Adding type registration instant -> org.hibernate.type.BasicTypeReference@75c33608
2025-03-03T11:10:46.773-05:00 DEBUG 6440 --- [app_licorera] [           main] org.hibernate.type.BasicTypeRegistry     : Adding type registration java.time.Instant -> org.hibernate.type.BasicTypeReference@75c33608
2025-03-03T11:10:46.774-05:00 DEBUG 6440 --- [app_licorera] [           main] org.hibernate.type.BasicTypeRegistry     : Adding type registration uuid -> org.hibernate.type.BasicTypeReference@25464154
2025-03-03T11:10:46.774-05:00 DEBUG 6440 --- [app_licorera] [           main] org.hibernate.type.BasicTypeRegistry     : Adding type registration java.util.UUID -> org.hibernate.type.BasicTypeReference@25464154
2025-03-03T11:10:46.774-05:00 DEBUG 6440 --- [app_licorera] [           main] org.hibernate.type.BasicTypeRegistry     : Adding type registration pg-uuid -> org.hibernate.type.BasicTypeReference@25464154
2025-03-03T11:10:46.774-05:00 DEBUG 6440 --- [app_licorera] [           main] org.hibernate.type.BasicTypeRegistry     : Adding type registration uuid-binary -> org.hibernate.type.BasicTypeReference@58ebee9
2025-03-03T11:10:46.774-05:00 DEBUG 6440 --- [app_licorera] [           main] org.hibernate.type.BasicTypeRegistry     : Adding type registration uuid-char -> org.hibernate.type.BasicTypeReference@131c0b6f
2025-03-03T11:10:46.774-05:00 DEBUG 6440 --- [app_licorera] [           main] org.hibernate.type.BasicTypeRegistry     : Adding type registration class -> org.hibernate.type.BasicTypeReference@7f030c72
2025-03-03T11:10:46.774-05:00 DEBUG 6440 --- [app_licorera] [           main] org.hibernate.type.BasicTypeRegistry     : Adding type registration java.lang.Class -> org.hibernate.type.BasicTypeReference@7f030c72
2025-03-03T11:10:46.774-05:00 DEBUG 6440 --- [app_licorera] [           main] org.hibernate.type.BasicTypeRegistry     : Adding type registration currency -> org.hibernate.type.BasicTypeReference@68d8ae27
2025-03-03T11:10:46.774-05:00 DEBUG 6440 --- [app_licorera] [           main] org.hibernate.type.BasicTypeRegistry     : Adding type registration Currency -> org.hibernate.type.BasicTypeReference@68d8ae27
2025-03-03T11:10:46.774-05:00 DEBUG 6440 --- [app_licorera] [           main] org.hibernate.type.BasicTypeRegistry     : Adding type registration java.util.Currency -> org.hibernate.type.BasicTypeReference@68d8ae27
2025-03-03T11:10:46.774-05:00 DEBUG 6440 --- [app_licorera] [           main] org.hibernate.type.BasicTypeRegistry     : Adding type registration locale -> org.hibernate.type.BasicTypeReference@18513c23
2025-03-03T11:10:46.774-05:00 DEBUG 6440 --- [app_licorera] [           main] org.hibernate.type.BasicTypeRegistry     : Adding type registration java.util.Locale -> org.hibernate.type.BasicTypeReference@18513c23
2025-03-03T11:10:46.774-05:00 DEBUG 6440 --- [app_licorera] [           main] org.hibernate.type.BasicTypeRegistry     : Adding type registration serializable -> org.hibernate.type.BasicTypeReference@6be50b35
2025-03-03T11:10:46.774-05:00 DEBUG 6440 --- [app_licorera] [           main] org.hibernate.type.BasicTypeRegistry     : Adding type registration java.io.Serializable -> org.hibernate.type.BasicTypeReference@6be50b35
2025-03-03T11:10:46.774-05:00 DEBUG 6440 --- [app_licorera] [           main] org.hibernate.type.BasicTypeRegistry     : Adding type registration timezone -> org.hibernate.type.BasicTypeReference@ce2eaa7
2025-03-03T11:10:46.775-05:00 DEBUG 6440 --- [app_licorera] [           main] org.hibernate.type.BasicTypeRegistry     : Adding type registration java.util.TimeZone -> org.hibernate.type.BasicTypeReference@ce2eaa7
2025-03-03T11:10:46.775-05:00 DEBUG 6440 --- [app_licorera] [           main] org.hibernate.type.BasicTypeRegistry     : Adding type registration ZoneOffset -> org.hibernate.type.BasicTypeReference@2166c48a
2025-03-03T11:10:46.775-05:00 DEBUG 6440 --- [app_licorera] [           main] org.hibernate.type.BasicTypeRegistry     : Adding type registration java.time.ZoneOffset -> org.hibernate.type.BasicTypeReference@2166c48a
2025-03-03T11:10:46.775-05:00 DEBUG 6440 --- [app_licorera] [           main] org.hibernate.type.BasicTypeRegistry     : Adding type registration url -> org.hibernate.type.BasicTypeReference@304744a1
2025-03-03T11:10:46.775-05:00 DEBUG 6440 --- [app_licorera] [           main] org.hibernate.type.BasicTypeRegistry     : Adding type registration java.net.URL -> org.hibernate.type.BasicTypeReference@304744a1
2025-03-03T11:10:46.775-05:00 DEBUG 6440 --- [app_licorera] [           main] org.hibernate.type.BasicTypeRegistry     : Adding type registration vector -> org.hibernate.type.BasicTypeReference@73385d3f
2025-03-03T11:10:46.775-05:00 DEBUG 6440 --- [app_licorera] [           main] org.hibernate.type.BasicTypeRegistry     : Adding type registration float_vector -> org.hibernate.type.BasicTypeReference@6814262d
2025-03-03T11:10:46.775-05:00 DEBUG 6440 --- [app_licorera] [           main] org.hibernate.type.BasicTypeRegistry     : Adding type registration double_vector -> org.hibernate.type.BasicTypeReference@7fc1fd31
2025-03-03T11:10:46.775-05:00 DEBUG 6440 --- [app_licorera] [           main] org.hibernate.type.BasicTypeRegistry     : Adding type registration byte_vector -> org.hibernate.type.BasicTypeReference@75a9cc24
2025-03-03T11:10:46.775-05:00 DEBUG 6440 --- [app_licorera] [           main] org.hibernate.type.BasicTypeRegistry     : Adding type registration row_version -> org.hibernate.type.BasicTypeReference@4449a60b
2025-03-03T11:10:46.780-05:00 DEBUG 6440 --- [app_licorera] [           main] org.hibernate.type.BasicTypeRegistry     : Adding type registration object -> org.hibernate.type.JavaObjectType@5ad0c70a
2025-03-03T11:10:46.780-05:00 DEBUG 6440 --- [app_licorera] [           main] org.hibernate.type.BasicTypeRegistry     : Adding type registration java.lang.Object -> org.hibernate.type.JavaObjectType@5ad0c70a
2025-03-03T11:10:46.781-05:00 DEBUG 6440 --- [app_licorera] [           main] org.hibernate.type.BasicTypeRegistry     : Adding type registration null -> org.hibernate.type.NullType@5402612e
2025-03-03T11:10:46.782-05:00 DEBUG 6440 --- [app_licorera] [           main] org.hibernate.type.BasicTypeRegistry     : Adding type registration imm_date -> org.hibernate.type.BasicTypeReference@43445fc6
2025-03-03T11:10:46.782-05:00 DEBUG 6440 --- [app_licorera] [           main] org.hibernate.type.BasicTypeRegistry     : Adding type registration imm_time -> org.hibernate.type.BasicTypeReference@431babe6
2025-03-03T11:10:46.782-05:00 DEBUG 6440 --- [app_licorera] [           main] org.hibernate.type.BasicTypeRegistry     : Adding type registration imm_timestamp -> org.hibernate.type.BasicTypeReference@17befef0
2025-03-03T11:10:46.782-05:00 DEBUG 6440 --- [app_licorera] [           main] org.hibernate.type.BasicTypeRegistry     : Adding type registration imm_calendar -> org.hibernate.type.BasicTypeReference@5072e638
2025-03-03T11:10:46.782-05:00 DEBUG 6440 --- [app_licorera] [           main] org.hibernate.type.BasicTypeRegistry     : Adding type registration imm_calendar_date -> org.hibernate.type.BasicTypeReference@3129299f
2025-03-03T11:10:46.782-05:00 DEBUG 6440 --- [app_licorera] [           main] org.hibernate.type.BasicTypeRegistry     : Adding type registration imm_calendar_time -> org.hibernate.type.BasicTypeReference@2f73f0c7
2025-03-03T11:10:46.782-05:00 DEBUG 6440 --- [app_licorera] [           main] org.hibernate.type.BasicTypeRegistry     : Adding type registration imm_binary -> org.hibernate.type.BasicTypeReference@4fdac2a7
2025-03-03T11:10:46.782-05:00 DEBUG 6440 --- [app_licorera] [           main] org.hibernate.type.BasicTypeRegistry     : Adding type registration imm_serializable -> org.hibernate.type.BasicTypeReference@8debe42
2025-03-03T11:10:46.787-05:00 DEBUG 6440 --- [app_licorera] [           main] o.h.boot.internal.BootstrapContextImpl   : Injecting JPA temp ClassLoader [org.springframework.instrument.classloading.SimpleThrowawayClassLoader@10d905c1] into BootstrapContext; was [null]
2025-03-03T11:10:46.787-05:00 DEBUG 6440 --- [app_licorera] [           main] o.h.boot.internal.ClassLoaderAccessImpl  : ClassLoaderAccessImpl#injectTempClassLoader(org.springframework.instrument.classloading.SimpleThrowawayClassLoader@10d905c1) [was null]
2025-03-03T11:10:46.788-05:00 DEBUG 6440 --- [app_licorera] [           main] o.h.boot.internal.BootstrapContextImpl   : Injecting ScanEnvironment [org.hibernate.jpa.boot.internal.StandardJpaScanEnvironmentImpl@3a709cc7] into BootstrapContext; was [null]
2025-03-03T11:10:46.788-05:00 DEBUG 6440 --- [app_licorera] [           main] o.h.boot.internal.BootstrapContextImpl   : Injecting ScanOptions [org.hibernate.boot.archive.scan.internal.StandardScanOptions@19a7906c] into BootstrapContext; was [org.hibernate.boot.archive.scan.internal.StandardScanOptions@1da5c19d]
2025-03-03T11:10:46.991-05:00  INFO 6440 --- [app_licorera] [           main] o.s.o.j.p.SpringPersistenceUnitInfo      : No LoadTimeWeaver setup: ignoring JPA class transformer
2025-03-03T11:10:46.991-05:00 DEBUG 6440 --- [app_licorera] [           main] o.h.boot.internal.BootstrapContextImpl   : Injecting JPA temp ClassLoader [null] into BootstrapContext; was [org.springframework.instrument.classloading.SimpleThrowawayClassLoader@10d905c1]
2025-03-03T11:10:46.991-05:00 DEBUG 6440 --- [app_licorera] [           main] o.h.boot.internal.ClassLoaderAccessImpl  : ClassLoaderAccessImpl#injectTempClassLoader(null) [was org.springframework.instrument.classloading.SimpleThrowawayClassLoader@10d905c1]
2025-03-03T11:10:47.198-05:00 DEBUG 6440 --- [app_licorera] [           main] o.h.e.j.e.i.JdbcEnvironmentInitiator     : Database ->
	   name : MySQL
	version : 5.5.5-10.11.10-MariaDB
	  major : 5
	  minor : 5
2025-03-03T11:10:47.199-05:00 DEBUG 6440 --- [app_licorera] [           main] o.h.e.j.e.i.JdbcEnvironmentInitiator     : Driver ->
	   name : MySQL Connector/J
	version : mysql-connector-j-9.1.0 (Revision: cf2917ea44ae2e43a4514a33771035aa99de73bf)
	  major : 9
	  minor : 1
2025-03-03T11:10:47.199-05:00 DEBUG 6440 --- [app_licorera] [           main] o.h.e.j.e.i.JdbcEnvironmentInitiator     : JDBC version : 4.2
2025-03-03T11:10:47.431-05:00  WARN 6440 --- [app_licorera] [           main] org.hibernate.dialect.Dialect            : HHH000511: The 5.5.5 version for [org.hibernate.dialect.MySQLDialect] is no longer supported, hence certain features may not work properly. The minimum supported version is 8.0.0. Check the community dialects project for available legacy versions.
2025-03-03T11:10:47.434-05:00  WARN 6440 --- [app_licorera] [           main] org.hibernate.orm.deprecation            : HHH90000025: MySQLDialect does not need to be specified explicitly using 'hibernate.dialect' (remove the property setting and it will be selected by default)
2025-03-03T11:10:47.435-05:00 DEBUG 6440 --- [app_licorera] [           main] org.hibernate.orm.dialect                : HHH035001: Using dialect: org.hibernate.dialect.MySQLDialect, version: 5.5.5
2025-03-03T11:10:47.439-05:00 DEBUG 6440 --- [app_licorera] [           main] o.h.e.j.env.spi.IdentifierHelperBuilder  : JDBC driver metadata reported database stores quoted identifiers in more than one case
2025-03-03T11:10:47.439-05:00 DEBUG 6440 --- [app_licorera] [           main] o.h.e.j.env.spi.IdentifierHelperBuilder  : IdentifierCaseStrategy for both quoted and unquoted identifiers was set to the same strategy [MIXED]; that will likely lead to problems in schema update and validation if using quoted identifiers
2025-03-03T11:10:47.445-05:00 DEBUG 6440 --- [app_licorera] [           main] org.hibernate.orm.jdbc.lob               : HHH10010001: Disabling contextual LOB creation as hibernate.jdbc.lob.non_contextual_creation is true
2025-03-03T11:10:47.448-05:00  INFO 6440 --- [app_licorera] [           main] org.hibernate.orm.connections.pooling    : HHH10001005: Database info:
	Database JDBC URL [Connecting through datasource 'HikariDataSource (HikariPool-1)']
	Database driver: undefined/unknown
	Database version: 5.5.5
	Autocommit mode: undefined/unknown
	Isolation level: undefined/unknown
	Minimum pool size: undefined/unknown
	Maximum pool size: undefined/unknown
2025-03-03T11:10:47.455-05:00 DEBUG 6440 --- [app_licorera] [           main] o.h.t.d.sql.spi.DdlTypeRegistry          : addDescriptor(12, org.hibernate.type.descriptor.sql.internal.CapacityDependentDdlType@254513e8) replaced previous registration(org.hibernate.type.descriptor.sql.internal.CapacityDependentDdlType@74450c9b)
2025-03-03T11:10:47.455-05:00 DEBUG 6440 --- [app_licorera] [           main] o.h.t.d.sql.spi.DdlTypeRegistry          : addDescriptor(-9, org.hibernate.type.descriptor.sql.internal.CapacityDependentDdlType@74f89bad) replaced previous registration(org.hibernate.type.descriptor.sql.internal.CapacityDependentDdlType@5ad50b02)
2025-03-03T11:10:47.455-05:00 DEBUG 6440 --- [app_licorera] [           main] o.h.t.d.sql.spi.DdlTypeRegistry          : addDescriptor(-3, org.hibernate.type.descriptor.sql.internal.CapacityDependentDdlType@570299e3) replaced previous registration(org.hibernate.type.descriptor.sql.internal.CapacityDependentDdlType@bff764c)
2025-03-03T11:10:47.455-05:00 DEBUG 6440 --- [app_licorera] [           main] o.h.t.d.sql.spi.DdlTypeRegistry          : addDescriptor(4003, org.hibernate.type.descriptor.sql.internal.DdlTypeImpl@3beaa16d) replaced previous registration(org.hibernate.type.descriptor.sql.internal.DdlTypeImpl@49153009)
2025-03-03T11:10:47.455-05:00 DEBUG 6440 --- [app_licorera] [           main] o.h.t.d.sql.spi.DdlTypeRegistry          : addDescriptor(4001, org.hibernate.type.descriptor.sql.internal.DdlTypeImpl@a1b7549) replaced previous registration(org.hibernate.type.descriptor.sql.internal.DdlTypeImpl@7aa63f50)
2025-03-03T11:10:47.455-05:00 DEBUG 6440 --- [app_licorera] [           main] o.h.t.d.sql.spi.DdlTypeRegistry          : addDescriptor(4002, org.hibernate.type.descriptor.sql.internal.DdlTypeImpl@142918a0) replaced previous registration(org.hibernate.type.descriptor.sql.internal.DdlTypeImpl@745cf754)
2025-03-03T11:10:47.456-05:00 DEBUG 6440 --- [app_licorera] [           main] o.h.t.d.sql.spi.DdlTypeRegistry          : addDescriptor(2004, org.hibernate.type.descriptor.sql.internal.CapacityDependentDdlType@25bc65ab) replaced previous registration(org.hibernate.type.descriptor.sql.internal.DdlTypeImpl@6eab92f3)
2025-03-03T11:10:47.456-05:00 DEBUG 6440 --- [app_licorera] [           main] o.h.t.d.sql.spi.DdlTypeRegistry          : addDescriptor(2005, org.hibernate.type.descriptor.sql.internal.CapacityDependentDdlType@321b7b9e) replaced previous registration(org.hibernate.type.descriptor.sql.internal.DdlTypeImpl@21eedcde)
2025-03-03T11:10:47.456-05:00 DEBUG 6440 --- [app_licorera] [           main] o.h.t.d.sql.spi.DdlTypeRegistry          : addDescriptor(2011, org.hibernate.type.descriptor.sql.internal.CapacityDependentDdlType@67396475) replaced previous registration(org.hibernate.type.descriptor.sql.internal.DdlTypeImpl@55b74e6b)
2025-03-03T11:10:47.457-05:00 DEBUG 6440 --- [app_licorera] [           main] o.h.t.d.jdbc.spi.JdbcTypeRegistry        : addDescriptor(NCharTypeDescriptor) replaced previous registration(CharTypeDescriptor)
2025-03-03T11:10:47.458-05:00 DEBUG 6440 --- [app_licorera] [           main] o.h.t.d.jdbc.spi.JdbcTypeRegistry        : addDescriptor(NVarcharTypeDescriptor) replaced previous registration(VarcharTypeDescriptor)
2025-03-03T11:10:47.458-05:00 DEBUG 6440 --- [app_licorera] [           main] o.h.t.d.jdbc.spi.JdbcTypeRegistry        : addDescriptor(LongNVarcharTypeDescriptor) replaced previous registration(LongVarcharTypeDescriptor)
2025-03-03T11:10:47.460-05:00 DEBUG 6440 --- [app_licorera] [           main] o.h.t.d.jdbc.spi.JdbcTypeRegistry        : addDescriptor(NClobTypeDescriptor(DEFAULT)) replaced previous registration(ClobTypeDescriptor(DEFAULT))
2025-03-03T11:10:47.462-05:00 DEBUG 6440 --- [app_licorera] [           main] org.hibernate.type.BasicTypeRegistry     : Adding type registration null -> org.hibernate.type.NullType@26f204a4
2025-03-03T11:10:47.463-05:00 DEBUG 6440 --- [app_licorera] [           main] org.hibernate.type.BasicTypeRegistry     : Type registration key [null] overrode previous entry : `org.hibernate.type.NullType@5402612e`
2025-03-03T11:10:47.466-05:00 DEBUG 6440 --- [app_licorera] [           main] org.hibernate.type.BasicTypeRegistry     : Adding type registration org.hibernate.type.DurationType -> basicType@1(java.time.Duration,3015)
2025-03-03T11:10:47.467-05:00 DEBUG 6440 --- [app_licorera] [           main] org.hibernate.type.BasicTypeRegistry     : Adding type registration Duration -> basicType@1(java.time.Duration,3015)
2025-03-03T11:10:47.467-05:00 DEBUG 6440 --- [app_licorera] [           main] org.hibernate.type.BasicTypeRegistry     : Adding type registration java.time.Duration -> basicType@1(java.time.Duration,3015)
2025-03-03T11:10:47.469-05:00 DEBUG 6440 --- [app_licorera] [           main] org.hibernate.type.BasicTypeRegistry     : Adding type registration org.hibernate.type.OffsetDateTimeType -> basicType@2(java.time.OffsetDateTime,3003)
2025-03-03T11:10:47.469-05:00 DEBUG 6440 --- [app_licorera] [           main] org.hibernate.type.BasicTypeRegistry     : Adding type registration OffsetDateTime -> basicType@2(java.time.OffsetDateTime,3003)
2025-03-03T11:10:47.469-05:00 DEBUG 6440 --- [app_licorera] [           main] org.hibernate.type.BasicTypeRegistry     : Adding type registration java.time.OffsetDateTime -> basicType@2(java.time.OffsetDateTime,3003)
2025-03-03T11:10:47.469-05:00 DEBUG 6440 --- [app_licorera] [           main] org.hibernate.type.BasicTypeRegistry     : Adding type registration org.hibernate.type.ZonedDateTimeType -> basicType@3(java.time.ZonedDateTime,3003)
2025-03-03T11:10:47.469-05:00 DEBUG 6440 --- [app_licorera] [           main] org.hibernate.type.BasicTypeRegistry     : Adding type registration ZonedDateTime -> basicType@3(java.time.ZonedDateTime,3003)
2025-03-03T11:10:47.469-05:00 DEBUG 6440 --- [app_licorera] [           main] org.hibernate.type.BasicTypeRegistry     : Adding type registration java.time.ZonedDateTime -> basicType@3(java.time.ZonedDateTime,3003)
2025-03-03T11:10:47.469-05:00 DEBUG 6440 --- [app_licorera] [           main] org.hibernate.type.BasicTypeRegistry     : Adding type registration org.hibernate.type.OffsetTimeType -> basicType@4(java.time.OffsetTime,3007)
2025-03-03T11:10:47.469-05:00 DEBUG 6440 --- [app_licorera] [           main] org.hibernate.type.BasicTypeRegistry     : Adding type registration OffsetTime -> basicType@4(java.time.OffsetTime,3007)
2025-03-03T11:10:47.469-05:00 DEBUG 6440 --- [app_licorera] [           main] org.hibernate.type.BasicTypeRegistry     : Adding type registration java.time.OffsetTime -> basicType@4(java.time.OffsetTime,3007)
2025-03-03T11:10:47.469-05:00 DEBUG 6440 --- [app_licorera] [           main] o.h.type.spi.TypeConfiguration$Scope     : Scoping TypeConfiguration [org.hibernate.type.spi.TypeConfiguration@663622b1] to MetadataBuildingContext [org.hibernate.boot.internal.MetadataBuildingContextRootImpl@1be52113]
2025-03-03T11:10:47.516-05:00 DEBUG 6440 --- [app_licorera] [           main] o.h.boot.model.relational.Namespace      : Created database namespace [logicalName=Name{catalog=null, schema=null}, physicalName=Name{catalog=null, schema=null}]
2025-03-03T11:10:47.540-05:00 DEBUG 6440 --- [app_licorera] [           main] o.h.boot.model.internal.EntityBinder     : Binding entity from annotated class: licorera.licorera.entidades.Carrito
2025-03-03T11:10:47.545-05:00 DEBUG 6440 --- [app_licorera] [           main] o.h.boot.model.internal.EntityBinder     : Import with entity name Carrito
2025-03-03T11:10:47.552-05:00 DEBUG 6440 --- [app_licorera] [           main] o.h.boot.model.internal.EntityBinder     : Bind entity licorera.licorera.entidades.Carrito on table carrito
2025-03-03T11:10:47.561-05:00 DEBUG 6440 --- [app_licorera] [           main] o.h.boot.model.internal.AnnotatedColumn  : Binding column: AnnotatedDiscriminatorColumn(column='DTYPE')
2025-03-03T11:10:47.574-05:00 DEBUG 6440 --- [app_licorera] [           main] o.h.boot.model.internal.AnnotatedColumn  : Binding column: AnnotatedColumn()
2025-03-03T11:10:47.574-05:00 DEBUG 6440 --- [app_licorera] [           main] o.h.boot.internal.ClassLoaderAccessImpl  : Not known whether passed class name [licorera.licorera.entidades.Carrito] is safe
2025-03-03T11:10:47.574-05:00 DEBUG 6440 --- [app_licorera] [           main] o.h.boot.internal.ClassLoaderAccessImpl  : No temp ClassLoader provided; using live ClassLoader for loading potentially unsafe class : licorera.licorera.entidades.Carrito
2025-03-03T11:10:47.577-05:00 DEBUG 6440 --- [app_licorera] [           main] o.h.boot.model.internal.PropertyBinder   : MetadataSourceProcessor property productoId with lazy=false
2025-03-03T11:10:47.581-05:00 DEBUG 6440 --- [app_licorera] [           main] o.h.b.m.internal.AbstractPropertyHolder  : Attempting to locate auto-apply AttributeConverter for property [licorera.licorera.entidades.Carrito:productoId]
2025-03-03T11:10:47.584-05:00 DEBUG 6440 --- [app_licorera] [           main] o.h.b.model.internal.BasicValueBinder    : building BasicValue for productoId
2025-03-03T11:10:47.586-05:00 DEBUG 6440 --- [app_licorera] [           main] org.hibernate.mapping.BasicValue         : Skipping column re-registration: carrito.producto_id
2025-03-03T11:10:47.587-05:00 DEBUG 6440 --- [app_licorera] [           main] o.h.boot.model.internal.PropertyBinder   : Building property productoId
2025-03-03T11:10:47.589-05:00 DEBUG 6440 --- [app_licorera] [           main] o.h.boot.model.internal.BinderHelper     : #makeIdGenerator(BasicValue([Column(producto_id)]), productoId, org.hibernate.id.UUIDGenerator, , ...)
2025-03-03T11:10:47.590-05:00 DEBUG 6440 --- [app_licorera] [           main] o.h.boot.model.internal.AnnotatedColumn  : Binding column: AnnotatedColumn()
2025-03-03T11:10:47.591-05:00 DEBUG 6440 --- [app_licorera] [           main] o.h.boot.model.internal.PropertyBinder   : MetadataSourceProcessor property cantidad with lazy=false
2025-03-03T11:10:47.591-05:00 DEBUG 6440 --- [app_licorera] [           main] o.h.b.m.internal.AbstractPropertyHolder  : Attempting to locate auto-apply AttributeConverter for property [licorera.licorera.entidades.Carrito:cantidad]
2025-03-03T11:10:47.591-05:00 DEBUG 6440 --- [app_licorera] [           main] o.h.b.model.internal.BasicValueBinder    : building BasicValue for cantidad
2025-03-03T11:10:47.591-05:00 DEBUG 6440 --- [app_licorera] [           main] org.hibernate.mapping.BasicValue         : Skipping column re-registration: carrito.cantidad
2025-03-03T11:10:47.591-05:00 DEBUG 6440 --- [app_licorera] [           main] o.h.boot.model.internal.PropertyBinder   : Building property cantidad
2025-03-03T11:10:47.591-05:00 DEBUG 6440 --- [app_licorera] [           main] o.h.boot.model.internal.AnnotatedColumn  : Binding column: AnnotatedColumn()
2025-03-03T11:10:47.592-05:00 DEBUG 6440 --- [app_licorera] [           main] o.h.boot.model.internal.PropertyBinder   : MetadataSourceProcessor property nombre with lazy=false
2025-03-03T11:10:47.592-05:00 DEBUG 6440 --- [app_licorera] [           main] o.h.b.m.internal.AbstractPropertyHolder  : Attempting to locate auto-apply AttributeConverter for property [licorera.licorera.entidades.Carrito:nombre]
2025-03-03T11:10:47.592-05:00 DEBUG 6440 --- [app_licorera] [           main] o.h.b.model.internal.BasicValueBinder    : building BasicValue for nombre
2025-03-03T11:10:47.592-05:00 DEBUG 6440 --- [app_licorera] [           main] org.hibernate.mapping.BasicValue         : Skipping column re-registration: carrito.nombre
2025-03-03T11:10:47.592-05:00 DEBUG 6440 --- [app_licorera] [           main] o.h.boot.model.internal.PropertyBinder   : Building property nombre
2025-03-03T11:10:47.592-05:00 DEBUG 6440 --- [app_licorera] [           main] o.h.boot.model.internal.AnnotatedColumn  : Binding column: AnnotatedColumn()
2025-03-03T11:10:47.592-05:00 DEBUG 6440 --- [app_licorera] [           main] o.h.boot.model.internal.PropertyBinder   : MetadataSourceProcessor property precio with lazy=false
2025-03-03T11:10:47.592-05:00 DEBUG 6440 --- [app_licorera] [           main] o.h.b.m.internal.AbstractPropertyHolder  : Attempting to locate auto-apply AttributeConverter for property [licorera.licorera.entidades.Carrito:precio]
2025-03-03T11:10:47.592-05:00 DEBUG 6440 --- [app_licorera] [           main] o.h.b.model.internal.BasicValueBinder    : building BasicValue for precio
2025-03-03T11:10:47.592-05:00 DEBUG 6440 --- [app_licorera] [           main] org.hibernate.mapping.BasicValue         : Skipping column re-registration: carrito.precio
2025-03-03T11:10:47.592-05:00 DEBUG 6440 --- [app_licorera] [           main] o.h.boot.model.internal.PropertyBinder   : Building property precio
2025-03-03T11:10:47.593-05:00 DEBUG 6440 --- [app_licorera] [           main] o.h.b.r.c.i.ClassLoaderServiceImpl       : HHH000194: Package not found or no package-info.java: licorera.licorera.entidades
2025-03-03T11:10:47.598-05:00 DEBUG 6440 --- [app_licorera] [           main] o.h.boot.model.internal.EntityBinder     : Binding entity from annotated class: licorera.licorera.entidades.Categoria
2025-03-03T11:10:47.599-05:00 DEBUG 6440 --- [app_licorera] [           main] o.h.boot.model.internal.EntityBinder     : Import with entity name Categoria
2025-03-03T11:10:47.599-05:00 DEBUG 6440 --- [app_licorera] [           main] o.h.boot.model.internal.EntityBinder     : Bind entity licorera.licorera.entidades.Categoria on table categoria
2025-03-03T11:10:47.599-05:00 DEBUG 6440 --- [app_licorera] [           main] o.h.boot.model.internal.AnnotatedColumn  : Binding column: AnnotatedDiscriminatorColumn(column='DTYPE')
2025-03-03T11:10:47.600-05:00 DEBUG 6440 --- [app_licorera] [           main] o.h.boot.model.internal.AnnotatedColumn  : Binding column: AnnotatedColumn()
2025-03-03T11:10:47.600-05:00 DEBUG 6440 --- [app_licorera] [           main] o.h.boot.internal.ClassLoaderAccessImpl  : Not known whether passed class name [licorera.licorera.entidades.Categoria] is safe
2025-03-03T11:10:47.600-05:00 DEBUG 6440 --- [app_licorera] [           main] o.h.boot.internal.ClassLoaderAccessImpl  : No temp ClassLoader provided; using live ClassLoader for loading potentially unsafe class : licorera.licorera.entidades.Categoria
2025-03-03T11:10:47.600-05:00 DEBUG 6440 --- [app_licorera] [           main] o.h.boot.model.internal.PropertyBinder   : MetadataSourceProcessor property id with lazy=false
2025-03-03T11:10:47.600-05:00 DEBUG 6440 --- [app_licorera] [           main] o.h.b.m.internal.AbstractPropertyHolder  : Attempting to locate auto-apply AttributeConverter for property [licorera.licorera.entidades.Categoria:id]
2025-03-03T11:10:47.600-05:00 DEBUG 6440 --- [app_licorera] [           main] o.h.b.model.internal.BasicValueBinder    : building BasicValue for id
2025-03-03T11:10:47.600-05:00 DEBUG 6440 --- [app_licorera] [           main] org.hibernate.mapping.BasicValue         : Skipping column re-registration: categoria.id
2025-03-03T11:10:47.600-05:00 DEBUG 6440 --- [app_licorera] [           main] o.h.boot.model.internal.PropertyBinder   : Building property id
2025-03-03T11:10:47.600-05:00 DEBUG 6440 --- [app_licorera] [           main] o.h.boot.model.internal.BinderHelper     : #makeIdGenerator(BasicValue([Column(id)]), id, org.hibernate.id.UUIDGenerator, , ...)
2025-03-03T11:10:47.600-05:00 DEBUG 6440 --- [app_licorera] [           main] o.h.boot.model.internal.AnnotatedColumn  : Binding column: AnnotatedColumn()
2025-03-03T11:10:47.600-05:00 DEBUG 6440 --- [app_licorera] [           main] o.h.boot.model.internal.PropertyBinder   : MetadataSourceProcessor property nombre with lazy=false
2025-03-03T11:10:47.600-05:00 DEBUG 6440 --- [app_licorera] [           main] o.h.b.m.internal.AbstractPropertyHolder  : Attempting to locate auto-apply AttributeConverter for property [licorera.licorera.entidades.Categoria:nombre]
2025-03-03T11:10:47.600-05:00 DEBUG 6440 --- [app_licorera] [           main] o.h.b.model.internal.BasicValueBinder    : building BasicValue for nombre
2025-03-03T11:10:47.600-05:00 DEBUG 6440 --- [app_licorera] [           main] org.hibernate.mapping.BasicValue         : Skipping column re-registration: categoria.nombre
2025-03-03T11:10:47.600-05:00 DEBUG 6440 --- [app_licorera] [           main] o.h.boot.model.internal.PropertyBinder   : Building property nombre
2025-03-03T11:10:47.600-05:00 DEBUG 6440 --- [app_licorera] [           main] o.h.boot.model.internal.AnnotatedColumn  : Binding column: AnnotatedJoinColumn()
2025-03-03T11:10:47.600-05:00 DEBUG 6440 --- [app_licorera] [           main] o.h.boot.model.internal.AnnotatedColumn  : Binding column: AnnotatedColumn()
2025-03-03T11:10:47.600-05:00 DEBUG 6440 --- [app_licorera] [           main] o.h.boot.model.internal.AnnotatedColumn  : Binding column: IndexColumn(column='producto_ORDER')
2025-03-03T11:10:47.600-05:00 DEBUG 6440 --- [app_licorera] [           main] o.h.boot.model.internal.AnnotatedColumn  : Binding column: AnnotatedColumn()
2025-03-03T11:10:47.615-05:00 DEBUG 6440 --- [app_licorera] [           main] o.h.boot.model.internal.AnnotatedColumn  : Binding column: AnnotatedColumn(column='producto_KEY')
2025-03-03T11:10:47.615-05:00 DEBUG 6440 --- [app_licorera] [           main] o.h.boot.model.internal.AnnotatedColumn  : Binding column: AnnotatedJoinColumn(column='producto_KEY')
2025-03-03T11:10:47.615-05:00 DEBUG 6440 --- [app_licorera] [           main] o.h.boot.model.internal.AnnotatedColumn  : Binding column: AnnotatedJoinColumn()
2025-03-03T11:10:47.615-05:00 DEBUG 6440 --- [app_licorera] [           main] o.h.boot.model.internal.AnnotatedColumn  : Binding column: AnnotatedJoinColumn()
2025-03-03T11:10:47.615-05:00 DEBUG 6440 --- [app_licorera] [           main] o.h.b.model.internal.CollectionBinder    : Collection role: licorera.licorera.entidades.Categoria.producto
2025-03-03T11:10:47.615-05:00 DEBUG 6440 --- [app_licorera] [           main] o.h.boot.model.internal.PropertyBinder   : Building property producto
2025-03-03T11:10:47.615-05:00 DEBUG 6440 --- [app_licorera] [           main] o.h.b.r.c.i.ClassLoaderServiceImpl       : HHH000194: Package not found or no package-info.java: licorera.licorera.entidades
2025-03-03T11:10:47.615-05:00 DEBUG 6440 --- [app_licorera] [           main] o.h.boot.model.internal.EntityBinder     : Binding entity from annotated class: licorera.licorera.entidades.Ordenes
2025-03-03T11:10:47.615-05:00 DEBUG 6440 --- [app_licorera] [           main] o.h.boot.model.internal.EntityBinder     : Import with entity name Ordenes
2025-03-03T11:10:47.615-05:00 DEBUG 6440 --- [app_licorera] [           main] o.h.boot.model.internal.EntityBinder     : Bind entity licorera.licorera.entidades.Ordenes on table ordenes
2025-03-03T11:10:47.615-05:00 DEBUG 6440 --- [app_licorera] [           main] o.h.boot.model.internal.AnnotatedColumn  : Binding column: AnnotatedDiscriminatorColumn(column='DTYPE')
2025-03-03T11:10:47.615-05:00 DEBUG 6440 --- [app_licorera] [           main] o.h.boot.model.internal.AnnotatedColumn  : Binding column: AnnotatedColumn()
2025-03-03T11:10:47.615-05:00 DEBUG 6440 --- [app_licorera] [           main] o.h.boot.internal.ClassLoaderAccessImpl  : Not known whether passed class name [licorera.licorera.entidades.Ordenes] is safe
2025-03-03T11:10:47.615-05:00 DEBUG 6440 --- [app_licorera] [           main] o.h.boot.internal.ClassLoaderAccessImpl  : No temp ClassLoader provided; using live ClassLoader for loading potentially unsafe class : licorera.licorera.entidades.Ordenes
2025-03-03T11:10:47.615-05:00 DEBUG 6440 --- [app_licorera] [           main] o.h.boot.model.internal.PropertyBinder   : MetadataSourceProcessor property id with lazy=false
2025-03-03T11:10:47.615-05:00 DEBUG 6440 --- [app_licorera] [           main] o.h.b.m.internal.AbstractPropertyHolder  : Attempting to locate auto-apply AttributeConverter for property [licorera.licorera.entidades.Ordenes:id]
2025-03-03T11:10:47.615-05:00 DEBUG 6440 --- [app_licorera] [           main] o.h.b.model.internal.BasicValueBinder    : building BasicValue for id
2025-03-03T11:10:47.615-05:00 DEBUG 6440 --- [app_licorera] [           main] org.hibernate.mapping.BasicValue         : Skipping column re-registration: ordenes.id
2025-03-03T11:10:47.615-05:00 DEBUG 6440 --- [app_licorera] [           main] o.h.boot.model.internal.PropertyBinder   : Building property id
2025-03-03T11:10:47.615-05:00 DEBUG 6440 --- [app_licorera] [           main] o.h.boot.model.internal.BinderHelper     : #makeIdGenerator(BasicValue([Column(id)]), id, org.hibernate.id.enhanced.SequenceStyleGenerator, , ...)
2025-03-03T11:10:47.615-05:00 DEBUG 6440 --- [app_licorera] [           main] o.h.boot.model.internal.AnnotatedColumn  : Binding column: AnnotatedJoinColumn()
2025-03-03T11:10:47.615-05:00 DEBUG 6440 --- [app_licorera] [           main] o.h.boot.model.internal.AnnotatedColumn  : Binding column: AnnotatedColumn()
2025-03-03T11:10:47.615-05:00 DEBUG 6440 --- [app_licorera] [           main] o.h.boot.model.internal.PropertyBinder   : Building property carrito
2025-03-03T11:10:47.615-05:00 DEBUG 6440 --- [app_licorera] [           main] o.h.boot.model.internal.AnnotatedColumn  : Binding column: AnnotatedColumn()
2025-03-03T11:10:47.615-05:00 DEBUG 6440 --- [app_licorera] [           main] o.h.boot.model.internal.PropertyBinder   : MetadataSourceProcessor property contacto with lazy=false
2025-03-03T11:10:47.615-05:00 DEBUG 6440 --- [app_licorera] [           main] o.h.b.m.internal.AbstractPropertyHolder  : Attempting to locate auto-apply AttributeConverter for property [licorera.licorera.entidades.Ordenes:contacto]
2025-03-03T11:10:47.615-05:00 DEBUG 6440 --- [app_licorera] [           main] o.h.b.model.internal.BasicValueBinder    : building BasicValue for contacto
2025-03-03T11:10:47.615-05:00 DEBUG 6440 --- [app_licorera] [           main] org.hibernate.mapping.BasicValue         : Skipping column re-registration: ordenes.contacto
2025-03-03T11:10:47.615-05:00 DEBUG 6440 --- [app_licorera] [           main] o.h.boot.model.internal.PropertyBinder   : Building property contacto
2025-03-03T11:10:47.615-05:00 DEBUG 6440 --- [app_licorera] [           main] o.h.boot.model.internal.AnnotatedColumn  : Binding column: AnnotatedColumn()
2025-03-03T11:10:47.615-05:00 DEBUG 6440 --- [app_licorera] [           main] o.h.boot.model.internal.PropertyBinder   : MetadataSourceProcessor property detalles with lazy=false
2025-03-03T11:10:47.615-05:00 DEBUG 6440 --- [app_licorera] [           main] o.h.b.m.internal.AbstractPropertyHolder  : Attempting to locate auto-apply AttributeConverter for property [licorera.licorera.entidades.Ordenes:detalles]
2025-03-03T11:10:47.615-05:00 DEBUG 6440 --- [app_licorera] [           main] o.h.b.model.internal.BasicValueBinder    : building BasicValue for detalles
2025-03-03T11:10:47.615-05:00 DEBUG 6440 --- [app_licorera] [           main] org.hibernate.mapping.BasicValue         : Skipping column re-registration: ordenes.detalles
2025-03-03T11:10:47.615-05:00 DEBUG 6440 --- [app_licorera] [           main] o.h.boot.model.internal.PropertyBinder   : Building property detalles
2025-03-03T11:10:47.615-05:00 DEBUG 6440 --- [app_licorera] [           main] o.h.boot.model.internal.AnnotatedColumn  : Binding column: AnnotatedColumn()
2025-03-03T11:10:47.615-05:00 DEBUG 6440 --- [app_licorera] [           main] o.h.boot.model.internal.PropertyBinder   : MetadataSourceProcessor property direccion with lazy=false
2025-03-03T11:10:47.615-05:00 DEBUG 6440 --- [app_licorera] [           main] o.h.b.m.internal.AbstractPropertyHolder  : Attempting to locate auto-apply AttributeConverter for property [licorera.licorera.entidades.Ordenes:direccion]
2025-03-03T11:10:47.615-05:00 DEBUG 6440 --- [app_licorera] [           main] o.h.b.model.internal.BasicValueBinder    : building BasicValue for direccion
2025-03-03T11:10:47.615-05:00 DEBUG 6440 --- [app_licorera] [           main] org.hibernate.mapping.BasicValue         : Skipping column re-registration: ordenes.direccion
2025-03-03T11:10:47.615-05:00 DEBUG 6440 --- [app_licorera] [           main] o.h.boot.model.internal.PropertyBinder   : Building property direccion
2025-03-03T11:10:47.615-05:00 DEBUG 6440 --- [app_licorera] [           main] o.h.boot.model.internal.AnnotatedColumn  : Binding column: AnnotatedColumn()
2025-03-03T11:10:47.615-05:00 DEBUG 6440 --- [app_licorera] [           main] o.h.boot.model.internal.PropertyBinder   : MetadataSourceProcessor property nombre with lazy=false
2025-03-03T11:10:47.615-05:00 DEBUG 6440 --- [app_licorera] [           main] o.h.b.m.internal.AbstractPropertyHolder  : Attempting to locate auto-apply AttributeConverter for property [licorera.licorera.entidades.Ordenes:nombre]
2025-03-03T11:10:47.615-05:00 DEBUG 6440 --- [app_licorera] [           main] o.h.b.model.internal.BasicValueBinder    : building BasicValue for nombre
2025-03-03T11:10:47.615-05:00 DEBUG 6440 --- [app_licorera] [           main] org.hibernate.mapping.BasicValue         : Skipping column re-registration: ordenes.nombre
2025-03-03T11:10:47.615-05:00 DEBUG 6440 --- [app_licorera] [           main] o.h.boot.model.internal.PropertyBinder   : Building property nombre
2025-03-03T11:10:47.615-05:00 DEBUG 6440 --- [app_licorera] [           main] o.h.b.r.c.i.ClassLoaderServiceImpl       : HHH000194: Package not found or no package-info.java: licorera.licorera.entidades
2025-03-03T11:10:47.615-05:00 DEBUG 6440 --- [app_licorera] [           main] o.h.boot.model.internal.EntityBinder     : Binding entity from annotated class: licorera.licorera.entidades.Producto
2025-03-03T11:10:47.615-05:00 DEBUG 6440 --- [app_licorera] [           main] o.h.boot.model.internal.EntityBinder     : Import with entity name Producto
2025-03-03T11:10:47.615-05:00 DEBUG 6440 --- [app_licorera] [           main] o.h.boot.model.internal.EntityBinder     : Bind entity licorera.licorera.entidades.Producto on table producto
2025-03-03T11:10:47.615-05:00 DEBUG 6440 --- [app_licorera] [           main] o.h.boot.model.internal.AnnotatedColumn  : Binding column: AnnotatedDiscriminatorColumn(column='DTYPE')
2025-03-03T11:10:47.615-05:00 DEBUG 6440 --- [app_licorera] [           main] o.h.boot.model.internal.AnnotatedColumn  : Binding column: AnnotatedColumn()
2025-03-03T11:10:47.615-05:00 DEBUG 6440 --- [app_licorera] [           main] o.h.boot.internal.ClassLoaderAccessImpl  : Not known whether passed class name [licorera.licorera.entidades.Producto] is safe
2025-03-03T11:10:47.615-05:00 DEBUG 6440 --- [app_licorera] [           main] o.h.boot.internal.ClassLoaderAccessImpl  : No temp ClassLoader provided; using live ClassLoader for loading potentially unsafe class : licorera.licorera.entidades.Producto
2025-03-03T11:10:47.615-05:00 DEBUG 6440 --- [app_licorera] [           main] o.h.boot.model.internal.PropertyBinder   : MetadataSourceProcessor property id with lazy=false
2025-03-03T11:10:47.615-05:00 DEBUG 6440 --- [app_licorera] [           main] o.h.b.m.internal.AbstractPropertyHolder  : Attempting to locate auto-apply AttributeConverter for property [licorera.licorera.entidades.Producto:id]
2025-03-03T11:10:47.615-05:00 DEBUG 6440 --- [app_licorera] [           main] o.h.b.model.internal.BasicValueBinder    : building BasicValue for id
2025-03-03T11:10:47.615-05:00 DEBUG 6440 --- [app_licorera] [           main] org.hibernate.mapping.BasicValue         : Skipping column re-registration: producto.id
2025-03-03T11:10:47.615-05:00 DEBUG 6440 --- [app_licorera] [           main] o.h.boot.model.internal.PropertyBinder   : Building property id
2025-03-03T11:10:47.615-05:00 DEBUG 6440 --- [app_licorera] [           main] o.h.boot.model.internal.BinderHelper     : #makeIdGenerator(BasicValue([Column(id)]), id, org.hibernate.id.UUIDGenerator, , ...)
2025-03-03T11:10:47.615-05:00 DEBUG 6440 --- [app_licorera] [           main] o.h.boot.model.internal.AnnotatedColumn  : Binding column: AnnotatedColumn()
2025-03-03T11:10:47.615-05:00 DEBUG 6440 --- [app_licorera] [           main] o.h.boot.model.internal.PropertyBinder   : MetadataSourceProcessor property cantidad with lazy=false
2025-03-03T11:10:47.615-05:00 DEBUG 6440 --- [app_licorera] [           main] o.h.b.m.internal.AbstractPropertyHolder  : Attempting to locate auto-apply AttributeConverter for property [licorera.licorera.entidades.Producto:cantidad]
2025-03-03T11:10:47.615-05:00 DEBUG 6440 --- [app_licorera] [           main] o.h.b.model.internal.BasicValueBinder    : building BasicValue for cantidad
2025-03-03T11:10:47.615-05:00 DEBUG 6440 --- [app_licorera] [           main] org.hibernate.mapping.BasicValue         : Skipping column re-registration: producto.cantidad
2025-03-03T11:10:47.615-05:00 DEBUG 6440 --- [app_licorera] [           main] o.h.boot.model.internal.PropertyBinder   : Building property cantidad
2025-03-03T11:10:47.615-05:00 DEBUG 6440 --- [app_licorera] [           main] o.h.boot.model.internal.AnnotatedColumn  : Binding column: AnnotatedJoinColumn()
2025-03-03T11:10:47.615-05:00 DEBUG 6440 --- [app_licorera] [           main] o.h.boot.model.internal.AnnotatedColumn  : Binding column: AnnotatedColumn()
2025-03-03T11:10:47.615-05:00 DEBUG 6440 --- [app_licorera] [           main] o.h.boot.model.internal.PropertyBinder   : Building property categoria
2025-03-03T11:10:47.615-05:00 DEBUG 6440 --- [app_licorera] [           main] o.h.boot.model.internal.AnnotatedColumn  : Binding column: AnnotatedColumn()
2025-03-03T11:10:47.615-05:00 DEBUG 6440 --- [app_licorera] [           main] o.h.boot.model.internal.PropertyBinder   : MetadataSourceProcessor property imagen with lazy=false
2025-03-03T11:10:47.615-05:00 DEBUG 6440 --- [app_licorera] [           main] o.h.b.m.internal.AbstractPropertyHolder  : Attempting to locate auto-apply AttributeConverter for property [licorera.licorera.entidades.Producto:imagen]
2025-03-03T11:10:47.615-05:00 DEBUG 6440 --- [app_licorera] [           main] o.h.b.model.internal.BasicValueBinder    : building BasicValue for imagen
2025-03-03T11:10:47.615-05:00 DEBUG 6440 --- [app_licorera] [           main] org.hibernate.mapping.BasicValue         : Skipping column re-registration: producto.imagen
2025-03-03T11:10:47.615-05:00 DEBUG 6440 --- [app_licorera] [           main] o.h.boot.model.internal.PropertyBinder   : Building property imagen
2025-03-03T11:10:47.615-05:00 DEBUG 6440 --- [app_licorera] [           main] o.h.boot.model.internal.AnnotatedColumn  : Binding column: AnnotatedColumn()
2025-03-03T11:10:47.615-05:00 DEBUG 6440 --- [app_licorera] [           main] o.h.boot.model.internal.PropertyBinder   : MetadataSourceProcessor property nombre with lazy=false
2025-03-03T11:10:47.615-05:00 DEBUG 6440 --- [app_licorera] [           main] o.h.b.m.internal.AbstractPropertyHolder  : Attempting to locate auto-apply AttributeConverter for property [licorera.licorera.entidades.Producto:nombre]
2025-03-03T11:10:47.615-05:00 DEBUG 6440 --- [app_licorera] [           main] o.h.b.model.internal.BasicValueBinder    : building BasicValue for nombre
2025-03-03T11:10:47.615-05:00 DEBUG 6440 --- [app_licorera] [           main] org.hibernate.mapping.BasicValue         : Skipping column re-registration: producto.nombre
2025-03-03T11:10:47.615-05:00 DEBUG 6440 --- [app_licorera] [           main] o.h.boot.model.internal.PropertyBinder   : Building property nombre
2025-03-03T11:10:47.615-05:00 DEBUG 6440 --- [app_licorera] [           main] o.h.boot.model.internal.AnnotatedColumn  : Binding column: AnnotatedColumn()
2025-03-03T11:10:47.615-05:00 DEBUG 6440 --- [app_licorera] [           main] o.h.boot.model.internal.PropertyBinder   : MetadataSourceProcessor property precio with lazy=false
2025-03-03T11:10:47.615-05:00 DEBUG 6440 --- [app_licorera] [           main] o.h.b.m.internal.AbstractPropertyHolder  : Attempting to locate auto-apply AttributeConverter for property [licorera.licorera.entidades.Producto:precio]
2025-03-03T11:10:47.615-05:00 DEBUG 6440 --- [app_licorera] [           main] o.h.b.model.internal.BasicValueBinder    : building BasicValue for precio
2025-03-03T11:10:47.615-05:00 DEBUG 6440 --- [app_licorera] [           main] org.hibernate.mapping.BasicValue         : Skipping column re-registration: producto.precio
2025-03-03T11:10:47.615-05:00 DEBUG 6440 --- [app_licorera] [           main] o.h.boot.model.internal.PropertyBinder   : Building property precio
2025-03-03T11:10:47.631-05:00 DEBUG 6440 --- [app_licorera] [           main] o.h.b.r.c.i.ClassLoaderServiceImpl       : HHH000194: Package not found or no package-info.java: licorera.licorera.entidades
2025-03-03T11:10:47.631-05:00 DEBUG 6440 --- [app_licorera] [           main] o.h.boot.model.internal.EntityBinder     : Binding entity from annotated class: licorera.licorera.entidades.Usuario
2025-03-03T11:10:47.631-05:00 DEBUG 6440 --- [app_licorera] [           main] o.h.boot.model.internal.EntityBinder     : Import with entity name Usuario
2025-03-03T11:10:47.631-05:00 DEBUG 6440 --- [app_licorera] [           main] o.h.boot.model.internal.EntityBinder     : Bind entity licorera.licorera.entidades.Usuario on table usuario
[...]

   RSocketGraphQlClientAutoConfiguration:
      Did not match:
         - @ConditionalOnClass did not find required class 'graphql.GraphQL' (OnClassCondition)

   RSocketMessagingAutoConfiguration:
      Did not match:
         - @ConditionalOnClass did not find required class 'io.rsocket.RSocket' (OnClassCondition)

   RSocketRequesterAutoConfiguration:
      Did not match:
         - @ConditionalOnClass did not find required class 'io.rsocket.RSocket' (OnClassCondition)

   RSocketSecurityAutoConfiguration:
      Did not match:
         - @ConditionalOnClass did not find required class 'org.springframework.security.rsocket.core.SecuritySocketAcceptorInterceptor' (OnClassCondition)

   RSocketServerAutoConfiguration:
      Did not match:
         - @ConditionalOnClass did not find required class 'io.rsocket.core.RSocketServer' (OnClassCondition)

   RSocketStrategiesAutoConfiguration:
      Did not match:
         - @ConditionalOnClass did not find required class 'io.netty.buffer.PooledByteBufAllocator' (OnClassCondition)

   RabbitAnnotationDrivenConfiguration#directRabbitListenerContainerFactory:
      Did not match:
         - @ConditionalOnProperty (spring.rabbitmq.listener.type=direct) did not find property 'type' (OnPropertyCondition)

   RabbitAnnotationDrivenConfiguration#directRabbitListenerContainerFactoryConfigurerVirtualThreads:
      Did not match:
         - @ConditionalOnMissingBean (types: org.springframework.boot.autoconfigure.amqp.DirectRabbitListenerContainerFactoryConfigurer; SearchStrategy: all) found beans of type 'org.springframework.boot.autoconfigure.amqp.DirectRabbitListenerContainerFactoryConfigurer' directRabbitListenerContainerFactoryConfigurer (OnBeanCondition)

   RabbitAnnotationDrivenConfiguration#simpleRabbitListenerContainerFactoryConfigurerVirtualThreads:
      Did not match:
         - @ConditionalOnMissingBean (types: org.springframework.boot.autoconfigure.amqp.SimpleRabbitListenerContainerFactoryConfigurer; SearchStrategy: all) found beans of type 'org.springframework.boot.autoconfigure.amqp.SimpleRabbitListenerContainerFactoryConfigurer' simpleRabbitListenerContainerFactoryConfigurer (OnBeanCondition)

   RabbitStreamConfiguration:
      Did not match:
         - @ConditionalOnClass did not find required class 'org.springframework.rabbit.stream.config.StreamRabbitListenerContainerFactory' (OnClassCondition)

   ReactiveElasticsearchClientAutoConfiguration:
      Did not match:
         - @ConditionalOnClass did not find required class 'co.elastic.clients.transport.ElasticsearchTransport' (OnClassCondition)

   ReactiveElasticsearchRepositoriesAutoConfiguration:
      Did not match:
         - @ConditionalOnClass did not find required class 'org.springframework.data.elasticsearch.client.elc.ReactiveElasticsearchClient' (OnClassCondition)

   ReactiveMultipartAutoConfiguration:
      Did not match:
         - @ConditionalOnClass did not find required class 'org.springframework.web.reactive.config.WebFluxConfigurer' (OnClassCondition)

   ReactiveOAuth2ClientAutoConfiguration:
      Did not match:
         - @ConditionalOnClass did not find required class 'org.springframework.security.oauth2.client.registration.ClientRegistration' (OnClassCondition)

   ReactiveOAuth2ResourceServerAutoConfiguration:
      Did not match:
         - @ConditionalOnWebApplication did not find reactive web application classes (OnWebApplicationCondition)

   ReactiveSecurityAutoConfiguration:
      Did not match:
         - @ConditionalOnClass did not find required class 'org.springframework.web.reactive.config.WebFluxConfigurer' (OnClassCondition)

   ReactiveUserDetailsServiceAutoConfiguration:
      Did not match:
         - AnyNestedCondition 0 matched 2 did not; NestedCondition on ReactiveUserDetailsServiceAutoConfiguration.RSocketEnabledOrReactiveWebApplication.ReactiveWebApplicationCondition did not find reactive web application classes; NestedCondition on ReactiveUserDetailsServiceAutoConfiguration.RSocketEnabledOrReactiveWebApplication.RSocketSecurityEnabledCondition @ConditionalOnBean (types: org.springframework.messaging.rsocket.annotation.support.RSocketMessageHandler; SearchStrategy: all) did not find any beans of type org.springframework.messaging.rsocket.annotation.support.RSocketMessageHandler (ReactiveUserDetailsServiceAutoConfiguration.RSocketEnabledOrReactiveWebApplication)
      Matched:
         - @ConditionalOnClass found required class 'org.springframework.security.authentication.ReactiveAuthenticationManager' (OnClassCondition)
         - AnyNestedCondition 1 matched 2 did not; NestedCondition on ReactiveUserDetailsServiceAutoConfiguration.MissingAlternativeOrUserPropertiesConfigured.PasswordConfigured @ConditionalOnProperty (spring.security.user.password) did not find property 'password'; NestedCondition on ReactiveUserDetailsServiceAutoConfiguration.MissingAlternativeOrUserPropertiesConfigured.NameConfigured @ConditionalOnProperty (spring.security.user.name) did not find property 'name'; NestedCondition on ReactiveUserDetailsServiceAutoConfiguration.MissingAlternativeOrUserPropertiesConfigured.MissingAlternative @ConditionalOnMissingClass did not find unwanted classes 'org.springframework.security.oauth2.client.registration.ClientRegistrationRepository', 'org.springframework.security.oauth2.server.resource.introspection.ReactiveOpaqueTokenIntrospector' (ReactiveUserDetailsServiceAutoConfiguration.MissingAlternativeOrUserPropertiesConfigured)

   ReactiveWebServerFactoryAutoConfiguration:
      Did not match:
         - @ConditionalOnWebApplication did not find reactive web application classes (OnWebApplicationCondition)

   RedisAutoConfiguration:
      Did not match:
         - @ConditionalOnClass did not find required class 'org.springframework.data.redis.core.RedisOperations' (OnClassCondition)

   RedisCacheConfiguration:
      Did not match:
         - @ConditionalOnClass did not find required class 'org.springframework.data.redis.connection.RedisConnectionFactory' (OnClassCondition)

   RedisReactiveAutoConfiguration:
      Did not match:
         - @ConditionalOnClass did not find required class 'org.springframework.data.redis.connection.ReactiveRedisConnectionFactory' (OnClassCondition)

   RedisRepositoriesAutoConfiguration:
      Did not match:
         - @ConditionalOnClass did not find required class 'org.springframework.data.redis.repository.configuration.EnableRedisRepositories' (OnClassCondition)

   RedisSessionConfiguration:
      Did not match:
         - @ConditionalOnClass did not find required classes 'org.springframework.data.redis.core.RedisTemplate', 'org.springframework.session.data.redis.RedisIndexedSessionRepository' (OnClassCondition)

   RemoteDevToolsAutoConfiguration:
      Did not match:
         - @ConditionalOnProperty (spring.devtools.remote.secret) did not find property 'secret' (OnPropertyCondition)
      Matched:
         - @ConditionalOnClass found required classes 'jakarta.servlet.Filter', 'org.springframework.http.server.ServerHttpRequest' (OnClassCondition)

   RepositoryRestMvcAutoConfiguration:
      Did not match:
         - @ConditionalOnClass did not find required class 'org.springframework.data.rest.webmvc.config.RepositoryRestMvcConfiguration' (OnClassCondition)

   Saml2RelyingPartyAutoConfiguration:
      Did not match:
         - @ConditionalOnClass did not find required class 'org.springframework.security.saml2.provider.service.registration.RelyingPartyRegistrationRepository' (OnClassCondition)

   SecurityDataConfiguration:
      Did not match:
         - @ConditionalOnClass did not find required class 'org.springframework.security.data.repository.query.SecurityEvaluationContextExtension' (OnClassCondition)

   SendGridAutoConfiguration:
      Did not match:
         - @ConditionalOnClass did not find required class 'com.sendgrid.SendGrid' (OnClassCondition)

   ServletWebServerFactoryAutoConfiguration.ForwardedHeaderFilterConfiguration:
      Did not match:
         - @ConditionalOnProperty (server.forward-headers-strategy=framework) did not find property 'server.forward-headers-strategy' (OnPropertyCondition)

   ServletWebServerFactoryConfiguration.EmbeddedJetty:
      Did not match:
         - @ConditionalOnClass did not find required classes 'org.eclipse.jetty.server.Server', 'org.eclipse.jetty.util.Loader', 'org.eclipse.jetty.ee10.webapp.WebAppContext' (OnClassCondition)

   ServletWebServerFactoryConfiguration.EmbeddedUndertow:
      Did not match:
         - @ConditionalOnClass did not find required classes 'io.undertow.Undertow', 'org.xnio.SslClientAuthMode' (OnClassCondition)

   SessionAutoConfiguration.ReactiveSessionConfiguration:
      Did not match:
         - did not find reactive web application classes (OnWebApplicationCondition)

   SessionRepositoryFilterConfiguration:
      Did not match:
         - @ConditionalOnBean (types: org.springframework.session.web.http.SessionRepositoryFilter; SearchStrategy: all) did not find any beans of type org.springframework.session.web.http.SessionRepositoryFilter (OnBeanCondition)

   SpringApplicationAdminJmxAutoConfiguration:
      Did not match:
         - @ConditionalOnProperty (spring.application.admin.enabled=true) did not find property 'enabled' (OnPropertyCondition)

   SpringBootWebSecurityConfiguration.SecurityFilterChainConfiguration:
      Did not match:
         - AllNestedConditions 1 matched 1 did not; NestedCondition on DefaultWebSecurityCondition.Beans @ConditionalOnMissingBean (types: org.springframework.security.web.SecurityFilterChain; SearchStrategy: all) found beans of type 'org.springframework.security.web.SecurityFilterChain' securityFilterChain; NestedCondition on DefaultWebSecurityCondition.Classes @ConditionalOnClass found required classes 'org.springframework.security.web.SecurityFilterChain', 'org.springframework.security.config.annotation.web.builders.HttpSecurity' (DefaultWebSecurityCondition)

   TaskExecutorConfigurations.SimpleAsyncTaskExecutorBuilderConfiguration#simpleAsyncTaskExecutorBuilderVirtualThreads:
      Did not match:
         - @ConditionalOnMissingBean (types: org.springframework.boot.task.SimpleAsyncTaskExecutorBuilder; SearchStrategy: all) found beans of type 'org.springframework.boot.task.SimpleAsyncTaskExecutorBuilder' simpleAsyncTaskExecutorBuilder (OnBeanCondition)

   TaskExecutorConfigurations.TaskExecutorConfiguration#applicationTaskExecutorVirtualThreads:
      Did not match:
         - @ConditionalOnThreading did not find VIRTUAL (OnThreadingCondition)

   TaskSchedulingAutoConfiguration#scheduledBeanLazyInitializationExcludeFilter:
      Did not match:
         - @ConditionalOnBean (names: org.springframework.context.annotation.internalScheduledAnnotationProcessor; SearchStrategy: all) did not find any beans named org.springframework.context.annotation.internalScheduledAnnotationProcessor (OnBeanCondition)

   TaskSchedulingConfigurations.SimpleAsyncTaskSchedulerBuilderConfiguration#simpleAsyncTaskSchedulerBuilderVirtualThreads:
      Did not match:
         - @ConditionalOnMissingBean (types: org.springframework.boot.task.SimpleAsyncTaskSchedulerBuilder; SearchStrategy: all) found beans of type 'org.springframework.boot.task.SimpleAsyncTaskSchedulerBuilder' simpleAsyncTaskSchedulerBuilder (OnBeanCondition)

   TaskSchedulingConfigurations.TaskSchedulerConfiguration:
      Did not match:
         - @ConditionalOnBean (names: org.springframework.context.annotation.internalScheduledAnnotationProcessor; SearchStrategy: all) did not find any beans named org.springframework.context.annotation.internalScheduledAnnotationProcessor (OnBeanCondition)

   TemplateEngineConfigurations.ReactiveTemplateEngineConfiguration:
      Did not match:
         - did not find reactive web application classes (OnWebApplicationCondition)

   ThymeleafAutoConfiguration.DataAttributeDialectConfiguration:
      Did not match:
         - @ConditionalOnClass did not find required class 'com.github.mxab.thymeleaf.extras.dataattribute.dialect.DataAttributeDialect' (OnClassCondition)

   ThymeleafAutoConfiguration.ThymeleafWebFluxConfiguration:
      Did not match:
         - did not find reactive web application classes (OnWebApplicationCondition)

   ThymeleafAutoConfiguration.ThymeleafWebLayoutConfiguration:
      Did not match:
         - @ConditionalOnClass did not find required class 'nz.net.ultraq.thymeleaf.layoutdialect.LayoutDialect' (OnClassCondition)

   ThymeleafAutoConfiguration.ThymeleafWebMvcConfiguration#resourceUrlEncodingFilter:
      Did not match:
         - @ConditionalOnEnabledResourceChain did not find class org.webjars.WebJarVersionLocator (OnEnabledResourceChainCondition)

   TransactionAutoConfiguration#transactionalOperator:
      Did not match:
         - @ConditionalOnSingleCandidate (types: org.springframework.transaction.ReactiveTransactionManager; SearchStrategy: all) did not find any beans (OnBeanCondition)

   TransactionAutoConfiguration.AspectJTransactionManagementConfiguration:
      Did not match:
         - @ConditionalOnBean (types: org.springframework.transaction.aspectj.AbstractTransactionAspect; SearchStrategy: all) did not find any beans of type org.springframework.transaction.aspectj.AbstractTransactionAspect (OnBeanCondition)

   TransactionAutoConfiguration.EnableTransactionManagementConfiguration.JdkDynamicAutoProxyConfiguration:
      Did not match:
         - @ConditionalOnProperty (spring.aop.proxy-target-class=false) did not find property 'proxy-target-class' (OnPropertyCondition)

   UserDetailsServiceAutoConfiguration:
      Did not match:
         - @ConditionalOnMissingBean (types: org.springframework.security.authentication.AuthenticationManager,org.springframework.security.authentication.AuthenticationProvider,org.springframework.security.core.userdetails.UserDetailsService,org.springframework.security.authentication.AuthenticationManagerResolver,org.springframework.security.oauth2.jwt.JwtDecoder; SearchStrategy: all) found beans of type 'org.springframework.security.authentication.AuthenticationManager' authenticationManager (OnBeanCondition)
      Matched:
         - @ConditionalOnClass found required class 'org.springframework.security.authentication.AuthenticationManager' (OnClassCondition)
         - AnyNestedCondition 1 matched 2 did not; NestedCondition on UserDetailsServiceAutoConfiguration.MissingAlternativeOrUserPropertiesConfigured.PasswordConfigured @ConditionalOnProperty (spring.security.user.password) did not find property 'password'; NestedCondition on UserDetailsServiceAutoConfiguration.MissingAlternativeOrUserPropertiesConfigured.NameConfigured @ConditionalOnProperty (spring.security.user.name) did not find property 'name'; NestedCondition on UserDetailsServiceAutoConfiguration.MissingAlternativeOrUserPropertiesConfigured.MissingAlternative @ConditionalOnMissingClass did not find unwanted classes 'org.springframework.security.oauth2.client.registration.ClientRegistrationRepository', 'org.springframework.security.oauth2.server.resource.introspection.OpaqueTokenIntrospector', 'org.springframework.security.saml2.provider.service.registration.RelyingPartyRegistrationRepository' (UserDetailsServiceAutoConfiguration.MissingAlternativeOrUserPropertiesConfigured)

   WebClientAutoConfiguration:
      Did not match:
         - @ConditionalOnClass did not find required class 'org.springframework.web.reactive.function.client.WebClient' (OnClassCondition)

   WebFluxAutoConfiguration:
      Did not match:
         - @ConditionalOnClass did not find required class 'org.springframework.web.reactive.config.WebFluxConfigurer' (OnClassCondition)

   WebMvcAutoConfiguration#hiddenHttpMethodFilter:
      Did not match:
         - @ConditionalOnProperty (spring.mvc.hiddenmethod.filter.enabled) did not find property 'enabled' (OnPropertyCondition)

   WebMvcAutoConfiguration.ProblemDetailsErrorHandlingConfiguration:
      Did not match:
         - @ConditionalOnProperty (spring.mvc.problemdetails.enabled=true) did not find property 'enabled' (OnPropertyCondition)

   WebMvcAutoConfiguration.ResourceChainCustomizerConfiguration:
      Did not match:
         - @ConditionalOnEnabledResourceChain did not find class org.webjars.WebJarVersionLocator (OnEnabledResourceChainCondition)

   WebMvcAutoConfiguration.WebMvcAutoConfigurationAdapter#beanNameViewResolver:
      Did not match:
         - @ConditionalOnMissingBean (types: org.springframework.web.servlet.view.BeanNameViewResolver; SearchStrategy: all) found beans of type 'org.springframework.web.servlet.view.BeanNameViewResolver' beanNameViewResolver (OnBeanCondition)

   WebServiceTemplateAutoConfiguration:
      Did not match:
         - @ConditionalOnClass did not find required class 'org.springframework.oxm.Marshaller' (OnClassCondition)

   WebServicesAutoConfiguration:
      Did not match:
         - @ConditionalOnClass did not find required class 'org.springframework.ws.transport.http.MessageDispatcherServlet' (OnClassCondition)

   WebSessionIdResolverAutoConfiguration:
      Did not match:
         - @ConditionalOnWebApplication did not find reactive web application classes (OnWebApplicationCondition)

   WebSocketMessagingAutoConfiguration:
      Did not match:
         - @ConditionalOnClass did not find required class 'org.springframework.web.socket.config.annotation.WebSocketMessageBrokerConfigurer' (OnClassCondition)

   WebSocketReactiveAutoConfiguration:
      Did not match:
         - @ConditionalOnWebApplication did not find reactive web application classes (OnWebApplicationCondition)

   WebSocketServletAutoConfiguration.JettyWebSocketConfiguration:
      Did not match:
         - @ConditionalOnClass did not find required class 'org.eclipse.jetty.ee10.websocket.jakarta.server.config.JakartaWebSocketServletContainerInitializer' (OnClassCondition)

   WebSocketServletAutoConfiguration.UndertowWebSocketConfiguration:
      Did not match:
         - @ConditionalOnClass did not find required class 'io.undertow.websockets.jsr.Bootstrap' (OnClassCondition)

   XADataSourceAutoConfiguration:
      Did not match:
         - @ConditionalOnBean (types: org.springframework.boot.jdbc.XADataSourceWrapper; SearchStrategy: all) did not find any beans of type org.springframework.boot.jdbc.XADataSourceWrapper (OnBeanCondition)
      Matched:
         - @ConditionalOnClass found required classes 'javax.sql.DataSource', 'jakarta.transaction.TransactionManager', 'org.springframework.jdbc.datasource.embedded.EmbeddedDatabaseType' (OnClassCondition)


Exclusions:
-----------

    None


Unconditional classes:
----------------------

    org.springframework.boot.autoconfigure.context.ConfigurationPropertiesAutoConfiguration

    org.springframework.boot.autoconfigure.ssl.SslAutoConfiguration

    org.springframework.boot.autoconfigure.context.PropertyPlaceholderAutoConfiguration

    org.springframework.boot.autoconfigure.context.LifecycleAutoConfiguration

    org.springframework.boot.autoconfigure.availability.ApplicationAvailabilityAutoConfiguration

    org.springframework.boot.autoconfigure.info.ProjectInfoAutoConfiguration



2025-03-03T11:10:54.491-05:00  INFO 6440 --- [app_licorera] [           main] l.licorera.LicoreraApplicationTests      : Started LicoreraApplicationTests in 12.333 seconds (process running for 13.36)
2025-03-03T11:10:54.492-05:00 DEBUG 6440 --- [app_licorera] [           main] o.s.b.a.ApplicationAvailabilityBean      : Application availability state LivenessState changed to CORRECT
2025-03-03T11:10:54.492-05:00 DEBUG 6440 --- [app_licorera] [           main] o.s.boot.devtools.restart.Restarter      : Creating new Restarter for thread Thread[#1,main,5,main]
2025-03-03T11:10:54.492-05:00 DEBUG 6440 --- [app_licorera] [           main] o.s.b.a.ApplicationAvailabilityBean      : Application availability state ReadinessState changed to ACCEPTING_TRAFFIC
]]></system-out>
  </testcase>
</testsuite>